  [1m[35m (0.9ms)[0m  [1m[34mSELECT pg_try_advisory_lock(1915914960884021055)[0m
  [1m[36mActiveRecord::SchemaMigration Pluck (1.5ms)[0m  [1m[34mSELECT "schema_migrations"."version" FROM "schema_migrations" ORDER BY "schema_migrations"."version" ASC[0m
Migrating to CreateCustomers (20231014072827)
  [1m[36mTRANSACTION (0.1ms)[0m  [1m[35mBEGIN[0m
  [1m[35m (40.6ms)[0m  [1m[35mCREATE TABLE "customers" ("id" bigserial primary key, "first_name" character varying, "last_name" character varying, "email" character varying, "password_digest" character varying, "phone_number" integer, "age" integer, "created_at" timestamp(6) NOT NULL, "updated_at" timestamp(6) NOT NULL)[0m
  [1m[36mActiveRecord::SchemaMigration Create (0.4ms)[0m  [1m[32mINSERT INTO "schema_migrations" ("version") VALUES ($1) RETURNING "version"[0m  [["version", "20231014072827"]]
  [1m[36mTRANSACTION (1.6ms)[0m  [1m[35mCOMMIT[0m
Migrating to CreateOrganisers (20231014072850)
  [1m[36mTRANSACTION (0.3ms)[0m  [1m[35mBEGIN[0m
  [1m[35m (7.5ms)[0m  [1m[35mCREATE TABLE "organisers" ("id" bigserial primary key, "first_name" character varying, "last_name" character varying, "email" character varying, "password_digest" character varying, "phone_number" integer, "age" integer, "created_at" timestamp(6) NOT NULL, "updated_at" timestamp(6) NOT NULL)[0m
  [1m[36mActiveRecord::SchemaMigration Create (0.4ms)[0m  [1m[32mINSERT INTO "schema_migrations" ("version") VALUES ($1) RETURNING "version"[0m  [["version", "20231014072850"]]
  [1m[36mTRANSACTION (1.2ms)[0m  [1m[35mCOMMIT[0m
Migrating to CreateEvents (20231014073607)
  [1m[36mTRANSACTION (0.3ms)[0m  [1m[35mBEGIN[0m
  [1m[35m (14.3ms)[0m  [1m[35mCREATE TABLE "events" ("id" bigserial primary key, "title" character varying, "description" text, "category" integer, "image_url" character varying, "date" date, "start_time" time, "end_time" time, "venue_name" character varying, "event_location" character varying, "available_tickets_count" integer, "organiser_id" bigint NOT NULL, "created_at" timestamp(6) NOT NULL, "updated_at" timestamp(6) NOT NULL, CONSTRAINT "fk_rails_c3cecf2bab"
FOREIGN KEY ("organiser_id")
  REFERENCES "organisers" ("id")
)[0m
  [1m[35m (7.0ms)[0m  [1m[35mCREATE INDEX "index_events_on_organiser_id" ON "events" ("organiser_id")[0m
  [1m[36mActiveRecord::SchemaMigration Create (0.4ms)[0m  [1m[32mINSERT INTO "schema_migrations" ("version") VALUES ($1) RETURNING "version"[0m  [["version", "20231014073607"]]
  [1m[36mTRANSACTION (3.4ms)[0m  [1m[35mCOMMIT[0m
Migrating to CreateCalendarEvents (20231014073652)
  [1m[36mTRANSACTION (0.3ms)[0m  [1m[35mBEGIN[0m
  [1m[35m (24.3ms)[0m  [1m[35mCREATE TABLE "calendar_events" ("id" bigserial primary key, "event_id" bigint NOT NULL, "customer_id" bigint NOT NULL, "organiser_id" bigint NOT NULL, "created_at" timestamp(6) NOT NULL, "updated_at" timestamp(6) NOT NULL, CONSTRAINT "fk_rails_9c4c717498"
FOREIGN KEY ("event_id")
  REFERENCES "events" ("id")
, CONSTRAINT "fk_rails_9940a78361"
FOREIGN KEY ("customer_id")
  REFERENCES "customers" ("id")
, CONSTRAINT "fk_rails_c06d395d13"
FOREIGN KEY ("organiser_id")
  REFERENCES "organisers" ("id")
)[0m
  [1m[36mTRANSACTION (0.2ms)[0m  [1m[31mROLLBACK[0m
  [1m[35m (0.5ms)[0m  [1m[34mSELECT pg_advisory_unlock(1915914960884021055)[0m
  [1m[35m (0.2ms)[0m  [1m[34mSELECT pg_try_advisory_lock(1915914960884021055)[0m
  [1m[36mActiveRecord::SchemaMigration Pluck (0.4ms)[0m  [1m[34mSELECT "schema_migrations"."version" FROM "schema_migrations" ORDER BY "schema_migrations"."version" ASC[0m
Migrating to CreateCalendarEvents (20231014073652)
  [1m[36mTRANSACTION (0.2ms)[0m  [1m[35mBEGIN[0m
  [1m[35m (2.4ms)[0m  [1m[35mCREATE TABLE "calendar_events" ("id" bigserial primary key, "event_id" bigint NOT NULL, "customer_id" bigint NOT NULL, "organiser_id" bigint NOT NULL, "created_at" timestamp(6) NOT NULL, "updated_at" timestamp(6) NOT NULL, CONSTRAINT "fk_rails_9c4c717498"
FOREIGN KEY ("event_id")
  REFERENCES "events" ("id")
, CONSTRAINT "fk_rails_9940a78361"
FOREIGN KEY ("customer_id")
  REFERENCES "customers" ("id")
, CONSTRAINT "fk_rails_c06d395d13"
FOREIGN KEY ("organiser_id")
  REFERENCES "organisers" ("id")
)[0m
  [1m[36mTRANSACTION (0.1ms)[0m  [1m[31mROLLBACK[0m
  [1m[35m (0.2ms)[0m  [1m[34mSELECT pg_advisory_unlock(1915914960884021055)[0m
  [1m[36mActiveRecord::SchemaMigration Pluck (0.5ms)[0m  [1m[34mSELECT "schema_migrations"."version" FROM "schema_migrations" ORDER BY "schema_migrations"."version" ASC[0m
  [1m[36mActiveRecord::InternalMetadata Pluck (0.8ms)[0m  [1m[34mSELECT "ar_internal_metadata"."value" FROM "ar_internal_metadata" WHERE "ar_internal_metadata"."key" = $1 LIMIT $2[0m  [["key", "environment"], ["LIMIT", 1]]
  [1m[36mActiveRecord::SchemaMigration Pluck (0.2ms)[0m  [1m[34mSELECT "schema_migrations"."version" FROM "schema_migrations" ORDER BY "schema_migrations"."version" ASC[0m
  [1m[36mActiveRecord::InternalMetadata Pluck (0.3ms)[0m  [1m[34mSELECT "ar_internal_metadata"."value" FROM "ar_internal_metadata" WHERE "ar_internal_metadata"."key" = $1 LIMIT $2[0m  [["key", "environment"], ["LIMIT", 1]]
  [1m[36mActiveRecord::SchemaMigration Pluck (0.2ms)[0m  [1m[34mSELECT "schema_migrations"."version" FROM "schema_migrations" ORDER BY "schema_migrations"."version" ASC[0m
  [1m[36mActiveRecord::InternalMetadata Pluck (0.2ms)[0m  [1m[34mSELECT "ar_internal_metadata"."value" FROM "ar_internal_metadata" WHERE "ar_internal_metadata"."key" = $1 LIMIT $2[0m  [["key", "environment"], ["LIMIT", 1]]
  [1m[35m (30.2ms)[0m  [1m[35mDROP DATABASE IF EXISTS "TicketWiz_development"[0m
  [1m[35m (54.0ms)[0m  [1m[35mDROP DATABASE IF EXISTS "TicketWiz_test"[0m
  [1m[35m (242.0ms)[0m  [1m[35mCREATE DATABASE "TicketWiz_development" ENCODING = 'unicode'[0m
  [1m[35m (175.6ms)[0m  [1m[35mCREATE DATABASE "TicketWiz_test" ENCODING = 'unicode'[0m
  [1m[35m (32.8ms)[0m  [1m[35mDROP DATABASE IF EXISTS "TicketWiz_development"[0m
  [1m[35m (31.3ms)[0m  [1m[35mDROP DATABASE IF EXISTS "TicketWiz_test"[0m
  [1m[35m (103.9ms)[0m  [1m[35mCREATE DATABASE "TicketWiz_development" ENCODING = 'unicode'[0m
  [1m[35m (132.2ms)[0m  [1m[35mCREATE DATABASE "TicketWiz_test" ENCODING = 'unicode'[0m
  [1m[35m (20.9ms)[0m  [1m[35mCREATE TABLE "schema_migrations" ("version" character varying NOT NULL PRIMARY KEY)[0m
  [1m[35m (12.5ms)[0m  [1m[35mCREATE TABLE "ar_internal_metadata" ("key" character varying NOT NULL PRIMARY KEY, "value" character varying, "created_at" timestamp(6) NOT NULL, "updated_at" timestamp(6) NOT NULL)[0m
  [1m[35m (0.6ms)[0m  [1m[34mSELECT pg_try_advisory_lock(1915914960884021055)[0m
  [1m[36mActiveRecord::SchemaMigration Pluck (0.5ms)[0m  [1m[34mSELECT "schema_migrations"."version" FROM "schema_migrations" ORDER BY "schema_migrations"."version" ASC[0m
Migrating to CreateCustomers (20231014072827)
  [1m[36mTRANSACTION (0.1ms)[0m  [1m[35mBEGIN[0m
  [1m[35m (13.5ms)[0m  [1m[35mCREATE TABLE "customers" ("id" bigserial primary key, "first_name" character varying, "last_name" character varying, "email" character varying, "password_digest" character varying, "phone_number" integer, "age" integer, "created_at" timestamp(6) NOT NULL, "updated_at" timestamp(6) NOT NULL)[0m
  [1m[36mActiveRecord::SchemaMigration Create (0.6ms)[0m  [1m[32mINSERT INTO "schema_migrations" ("version") VALUES ($1) RETURNING "version"[0m  [["version", "20231014072827"]]
  [1m[36mTRANSACTION (3.2ms)[0m  [1m[35mCOMMIT[0m
Migrating to CreateOrganisers (20231014072850)
  [1m[36mTRANSACTION (0.2ms)[0m  [1m[35mBEGIN[0m
  [1m[35m (11.5ms)[0m  [1m[35mCREATE TABLE "organisers" ("id" bigserial primary key, "first_name" character varying, "last_name" character varying, "email" character varying, "password_digest" character varying, "phone_number" integer, "age" integer, "created_at" timestamp(6) NOT NULL, "updated_at" timestamp(6) NOT NULL)[0m
  [1m[36mActiveRecord::SchemaMigration Create (0.3ms)[0m  [1m[32mINSERT INTO "schema_migrations" ("version") VALUES ($1) RETURNING "version"[0m  [["version", "20231014072850"]]
  [1m[36mTRANSACTION (1.3ms)[0m  [1m[35mCOMMIT[0m
Migrating to CreateEvents (20231014073607)
  [1m[36mTRANSACTION (0.2ms)[0m  [1m[35mBEGIN[0m
  [1m[35m (8.5ms)[0m  [1m[35mCREATE TABLE "events" ("id" bigserial primary key, "title" character varying, "description" text, "category" integer, "image_url" character varying, "date" date, "start_time" time, "end_time" time, "venue_name" character varying, "event_location" character varying, "available_tickets_count" integer, "organiser_id" bigint NOT NULL, "created_at" timestamp(6) NOT NULL, "updated_at" timestamp(6) NOT NULL, CONSTRAINT "fk_rails_c3cecf2bab"
FOREIGN KEY ("organiser_id")
  REFERENCES "organisers" ("id")
)[0m
  [1m[35m (2.4ms)[0m  [1m[35mCREATE INDEX "index_events_on_organiser_id" ON "events" ("organiser_id")[0m
  [1m[36mActiveRecord::SchemaMigration Create (0.3ms)[0m  [1m[32mINSERT INTO "schema_migrations" ("version") VALUES ($1) RETURNING "version"[0m  [["version", "20231014073607"]]
  [1m[36mTRANSACTION (1.3ms)[0m  [1m[35mCOMMIT[0m
Migrating to CreateCalendarEvents (20231014073652)
  [1m[36mTRANSACTION (0.2ms)[0m  [1m[35mBEGIN[0m
  [1m[35m (6.7ms)[0m  [1m[35mCREATE TABLE "calendar_events" ("id" bigserial primary key, "event_id" bigint NOT NULL, "customer_id" bigint NOT NULL, "organiser_id" bigint NOT NULL, "created_at" timestamp(6) NOT NULL, "updated_at" timestamp(6) NOT NULL, CONSTRAINT "fk_rails_9c4c717498"
FOREIGN KEY ("event_id")
  REFERENCES "events" ("id")
, CONSTRAINT "fk_rails_9940a78361"
FOREIGN KEY ("customer_id")
  REFERENCES "customers" ("id")
, CONSTRAINT "fk_rails_c06d395d13"
FOREIGN KEY ("organiser_id")
  REFERENCES "organisers" ("id")
)[0m
  [1m[35m (6.0ms)[0m  [1m[35mCREATE INDEX "index_calendar_events_on_event_id" ON "calendar_events" ("event_id")[0m
  [1m[35m (6.1ms)[0m  [1m[35mCREATE INDEX "index_calendar_events_on_customer_id" ON "calendar_events" ("customer_id")[0m
  [1m[35m (6.1ms)[0m  [1m[35mCREATE INDEX "index_calendar_events_on_organiser_id" ON "calendar_events" ("organiser_id")[0m
  [1m[36mActiveRecord::SchemaMigration Create (0.3ms)[0m  [1m[32mINSERT INTO "schema_migrations" ("version") VALUES ($1) RETURNING "version"[0m  [["version", "20231014073652"]]
  [1m[36mTRANSACTION (2.9ms)[0m  [1m[35mCOMMIT[0m
Migrating to CreateTickets (20231014073725)
  [1m[36mTRANSACTION (0.2ms)[0m  [1m[35mBEGIN[0m
  [1m[35m (14.3ms)[0m  [1m[35mCREATE TABLE "tickets" ("id" bigserial primary key, "event_id" bigint NOT NULL, "customer_id" bigint NOT NULL, "ticket_type" character varying, "price" decimal, "purchase_date" timestamp(6), "created_at" timestamp(6) NOT NULL, "updated_at" timestamp(6) NOT NULL, CONSTRAINT "fk_rails_4def87ea62"
FOREIGN KEY ("event_id")
  REFERENCES "events" ("id")
, CONSTRAINT "fk_rails_5685ed71b0"
FOREIGN KEY ("customer_id")
  REFERENCES "customers" ("id")
)[0m
  [1m[35m (5.9ms)[0m  [1m[35mCREATE INDEX "index_tickets_on_event_id" ON "tickets" ("event_id")[0m
  [1m[35m (7.4ms)[0m  [1m[35mCREATE INDEX "index_tickets_on_customer_id" ON "tickets" ("customer_id")[0m
  [1m[36mActiveRecord::SchemaMigration Create (0.3ms)[0m  [1m[32mINSERT INTO "schema_migrations" ("version") VALUES ($1) RETURNING "version"[0m  [["version", "20231014073725"]]
  [1m[36mTRANSACTION (0.9ms)[0m  [1m[35mCOMMIT[0m
Migrating to CreatePayments (20231014074122)
  [1m[36mTRANSACTION (0.3ms)[0m  [1m[35mBEGIN[0m
  [1m[35m (7.2ms)[0m  [1m[35mCREATE TABLE "payments" ("id" bigserial primary key, "ticket_id" bigint NOT NULL, "amount" integer, "transaction_id" character varying, "status" character varying, "timestamp" timestamp(6), "created_at" timestamp(6) NOT NULL, "updated_at" timestamp(6) NOT NULL, CONSTRAINT "fk_rails_fbfafbaf0e"
FOREIGN KEY ("ticket_id")
  REFERENCES "tickets" ("id")
)[0m
  [1m[35m (2.1ms)[0m  [1m[35mCREATE INDEX "index_payments_on_ticket_id" ON "payments" ("ticket_id")[0m
  [1m[35m (2.3ms)[0m  [1m[35mCREATE UNIQUE INDEX "index_payments_on_transaction_id" ON "payments" ("transaction_id")[0m
  [1m[36mActiveRecord::SchemaMigration Create (0.3ms)[0m  [1m[32mINSERT INTO "schema_migrations" ("version") VALUES ($1) RETURNING "version"[0m  [["version", "20231014074122"]]
  [1m[36mTRANSACTION (1.4ms)[0m  [1m[35mCOMMIT[0m
  [1m[36mActiveRecord::InternalMetadata Load (0.3ms)[0m  [1m[34mSELECT "ar_internal_metadata".* FROM "ar_internal_metadata" WHERE "ar_internal_metadata"."key" = $1 LIMIT $2[0m  [["key", "environment"], ["LIMIT", 1]]
  [1m[36mTRANSACTION (0.2ms)[0m  [1m[35mBEGIN[0m
  [1m[36mActiveRecord::InternalMetadata Create (1.3ms)[0m  [1m[32mINSERT INTO "ar_internal_metadata" ("key", "value", "created_at", "updated_at") VALUES ($1, $2, $3, $4) RETURNING "key"[0m  [["key", "environment"], ["value", "development"], ["created_at", "2023-10-14 08:45:06.032036"], ["updated_at", "2023-10-14 08:45:06.032036"]]
  [1m[36mTRANSACTION (0.8ms)[0m  [1m[35mCOMMIT[0m
  [1m[35m (0.3ms)[0m  [1m[34mSELECT pg_advisory_unlock(1915914960884021055)[0m
  [1m[36mActiveRecord::SchemaMigration Pluck (0.6ms)[0m  [1m[34mSELECT "schema_migrations"."version" FROM "schema_migrations" ORDER BY "schema_migrations"."version" ASC[0m
  [1m[35m (0.2ms)[0m  [1m[34mSELECT pg_try_advisory_lock(1915914960884021055)[0m
  [1m[36mActiveRecord::SchemaMigration Pluck (0.6ms)[0m  [1m[34mSELECT "schema_migrations"."version" FROM "schema_migrations" ORDER BY "schema_migrations"."version" ASC[0m
  [1m[36mActiveRecord::InternalMetadata Load (0.7ms)[0m  [1m[34mSELECT "ar_internal_metadata".* FROM "ar_internal_metadata" WHERE "ar_internal_metadata"."key" = $1 LIMIT $2[0m  [["key", "environment"], ["LIMIT", 1]]
  [1m[35m (0.3ms)[0m  [1m[34mSELECT pg_advisory_unlock(1915914960884021055)[0m
  [1m[36mActiveRecord::SchemaMigration Pluck (0.5ms)[0m  [1m[34mSELECT "schema_migrations"."version" FROM "schema_migrations" ORDER BY "schema_migrations"."version" ASC[0m
  [1m[36mActiveRecord::SchemaMigration Pluck (0.1ms)[0m  [1m[34mSELECT "schema_migrations"."version" FROM "schema_migrations" ORDER BY "schema_migrations"."version" ASC[0m
  [1m[36mActiveRecord::InternalMetadata Load (0.4ms)[0m  [1m[34mSELECT "ar_internal_metadata".* FROM "ar_internal_metadata" WHERE "ar_internal_metadata"."key" = ? LIMIT ?[0m  [["key", "environment"], ["LIMIT", 1]]
  [1m[36mActiveRecord::SchemaMigration Pluck (0.1ms)[0m  [1m[34mSELECT "schema_migrations"."version" FROM "schema_migrations" ORDER BY "schema_migrations"."version" ASC[0m
Started GET "/" for 127.0.0.1 at 2023-10-18 13:24:49 +0300
  [1m[36mActiveRecord::SchemaMigration Pluck (0.4ms)[0m  [1m[34mSELECT "schema_migrations"."version" FROM "schema_migrations" ORDER BY "schema_migrations"."version" ASC[0m
Processing by Rails::WelcomeController#index as HTML
  Rendering /home/ken/.rbenv/versions/2.7.4/lib/ruby/gems/2.7.0/gems/railties-7.0.8/lib/rails/templates/rails/welcome/index.html.erb
  Rendered /home/ken/.rbenv/versions/2.7.4/lib/ruby/gems/2.7.0/gems/railties-7.0.8/lib/rails/templates/rails/welcome/index.html.erb (Duration: 1.9ms | Allocations: 408)
Completed 200 OK in 16ms (Views: 5.7ms | ActiveRecord: 0.0ms | Allocations: 3970)


Started GET "/customers" for 127.0.0.1 at 2023-10-18 13:27:29 +0300
  
AbstractController::ActionNotFound (The action 'index' could not be found for CustomersController):
  
actionpack (7.0.8) lib/abstract_controller/base.rb:146:in `process'
actionpack (7.0.8) lib/action_controller/metal.rb:188:in `dispatch'
actionpack (7.0.8) lib/action_controller/metal.rb:251:in `dispatch'
actionpack (7.0.8) lib/action_dispatch/routing/route_set.rb:49:in `dispatch'
actionpack (7.0.8) lib/action_dispatch/routing/route_set.rb:32:in `serve'
actionpack (7.0.8) lib/action_dispatch/journey/router.rb:50:in `block in serve'
actionpack (7.0.8) lib/action_dispatch/journey/router.rb:32:in `each'
actionpack (7.0.8) lib/action_dispatch/journey/router.rb:32:in `serve'
actionpack (7.0.8) lib/action_dispatch/routing/route_set.rb:852:in `call'
rack (2.2.8) lib/rack/session/abstract/id.rb:266:in `context'
rack (2.2.8) lib/rack/session/abstract/id.rb:260:in `call'
actionpack (7.0.8) lib/action_dispatch/middleware/cookies.rb:704:in `call'
rack (2.2.8) lib/rack/etag.rb:27:in `call'
rack (2.2.8) lib/rack/conditional_get.rb:27:in `call'
rack (2.2.8) lib/rack/head.rb:12:in `call'
activerecord (7.0.8) lib/active_record/migration.rb:638:in `call'
actionpack (7.0.8) lib/action_dispatch/middleware/callbacks.rb:27:in `block in call'
activesupport (7.0.8) lib/active_support/callbacks.rb:99:in `run_callbacks'
actionpack (7.0.8) lib/action_dispatch/middleware/callbacks.rb:26:in `call'
actionpack (7.0.8) lib/action_dispatch/middleware/executor.rb:14:in `call'
actionpack (7.0.8) lib/action_dispatch/middleware/actionable_exceptions.rb:17:in `call'
actionpack (7.0.8) lib/action_dispatch/middleware/debug_exceptions.rb:28:in `call'
actionpack (7.0.8) lib/action_dispatch/middleware/show_exceptions.rb:29:in `call'
railties (7.0.8) lib/rails/rack/logger.rb:40:in `call_app'
railties (7.0.8) lib/rails/rack/logger.rb:25:in `block in call'
activesupport (7.0.8) lib/active_support/tagged_logging.rb:99:in `block in tagged'
activesupport (7.0.8) lib/active_support/tagged_logging.rb:37:in `tagged'
activesupport (7.0.8) lib/active_support/tagged_logging.rb:99:in `tagged'
railties (7.0.8) lib/rails/rack/logger.rb:25:in `call'
actionpack (7.0.8) lib/action_dispatch/middleware/remote_ip.rb:93:in `call'
actionpack (7.0.8) lib/action_dispatch/middleware/request_id.rb:26:in `call'
rack (2.2.8) lib/rack/runtime.rb:22:in `call'
activesupport (7.0.8) lib/active_support/cache/strategy/local_cache_middleware.rb:29:in `call'
actionpack (7.0.8) lib/action_dispatch/middleware/server_timing.rb:61:in `block in call'
actionpack (7.0.8) lib/action_dispatch/middleware/server_timing.rb:26:in `collect_events'
actionpack (7.0.8) lib/action_dispatch/middleware/server_timing.rb:60:in `call'
actionpack (7.0.8) lib/action_dispatch/middleware/executor.rb:14:in `call'
actionpack (7.0.8) lib/action_dispatch/middleware/static.rb:23:in `call'
rack (2.2.8) lib/rack/sendfile.rb:110:in `call'
actionpack (7.0.8) lib/action_dispatch/middleware/host_authorization.rb:138:in `call'
railties (7.0.8) lib/rails/engine.rb:530:in `call'
puma (5.6.7) lib/puma/configuration.rb:252:in `call'
puma (5.6.7) lib/puma/request.rb:77:in `block in handle_request'
puma (5.6.7) lib/puma/thread_pool.rb:340:in `with_force_shutdown'
puma (5.6.7) lib/puma/request.rb:76:in `handle_request'
puma (5.6.7) lib/puma/server.rb:443:in `process_client'
puma (5.6.7) lib/puma/thread_pool.rb:147:in `block in spawn_thread'
Started GET "/customer" for 127.0.0.1 at 2023-10-18 13:27:45 +0300
  
ActionController::RoutingError (No route matches [GET] "/customer"):
  
Started POST "/customer" for 127.0.0.1 at 2023-10-18 13:28:05 +0300
  
ActionController::RoutingError (No route matches [POST] "/customer"):
  
Started POST "/customer" for 127.0.0.1 at 2023-10-18 13:32:28 +0300
  
ActionController::RoutingError (No route matches [POST] "/customer"):
  
Started POST "/customers" for 127.0.0.1 at 2023-10-18 13:33:22 +0300
Processing by CustomersController#create as */*
Completed 500 Internal Server Error in 26ms (ActiveRecord: 1.9ms | Allocations: 8765)


  
NoMethodError (undefined method `match' for nil:NilClass):
  
app/models/customer.rb:18:in `password_complexity'
app/controllers/customers_controller.rb:18:in `create'
Started POST "/organisers" for 127.0.0.1 at 2023-10-18 13:33:44 +0300
Processing by OrganisersController#create as */*
Completed 500 Internal Server Error in 8ms (ActiveRecord: 0.5ms | Allocations: 4377)


  
NoMethodError (undefined method `match' for nil:NilClass):
  
app/models/organiser.rb:16:in `password_complexity'
app/controllers/organisers_controller.rb:17:in `create'
Started GET "/organisers" for 127.0.0.1 at 2023-10-18 13:33:53 +0300
  
AbstractController::ActionNotFound (The action 'index' could not be found for OrganisersController):
  
actionpack (7.0.8) lib/abstract_controller/base.rb:146:in `process'
actionpack (7.0.8) lib/action_controller/metal.rb:188:in `dispatch'
actionpack (7.0.8) lib/action_controller/metal.rb:251:in `dispatch'
actionpack (7.0.8) lib/action_dispatch/routing/route_set.rb:49:in `dispatch'
actionpack (7.0.8) lib/action_dispatch/routing/route_set.rb:32:in `serve'
actionpack (7.0.8) lib/action_dispatch/journey/router.rb:50:in `block in serve'
actionpack (7.0.8) lib/action_dispatch/journey/router.rb:32:in `each'
actionpack (7.0.8) lib/action_dispatch/journey/router.rb:32:in `serve'
actionpack (7.0.8) lib/action_dispatch/routing/route_set.rb:852:in `call'
rack (2.2.8) lib/rack/session/abstract/id.rb:266:in `context'
rack (2.2.8) lib/rack/session/abstract/id.rb:260:in `call'
actionpack (7.0.8) lib/action_dispatch/middleware/cookies.rb:704:in `call'
rack (2.2.8) lib/rack/etag.rb:27:in `call'
rack (2.2.8) lib/rack/conditional_get.rb:27:in `call'
rack (2.2.8) lib/rack/head.rb:12:in `call'
activerecord (7.0.8) lib/active_record/migration.rb:638:in `call'
actionpack (7.0.8) lib/action_dispatch/middleware/callbacks.rb:27:in `block in call'
activesupport (7.0.8) lib/active_support/callbacks.rb:99:in `run_callbacks'
actionpack (7.0.8) lib/action_dispatch/middleware/callbacks.rb:26:in `call'
actionpack (7.0.8) lib/action_dispatch/middleware/executor.rb:14:in `call'
actionpack (7.0.8) lib/action_dispatch/middleware/actionable_exceptions.rb:17:in `call'
actionpack (7.0.8) lib/action_dispatch/middleware/debug_exceptions.rb:28:in `call'
actionpack (7.0.8) lib/action_dispatch/middleware/show_exceptions.rb:29:in `call'
railties (7.0.8) lib/rails/rack/logger.rb:40:in `call_app'
railties (7.0.8) lib/rails/rack/logger.rb:25:in `block in call'
activesupport (7.0.8) lib/active_support/tagged_logging.rb:99:in `block in tagged'
activesupport (7.0.8) lib/active_support/tagged_logging.rb:37:in `tagged'
activesupport (7.0.8) lib/active_support/tagged_logging.rb:99:in `tagged'
railties (7.0.8) lib/rails/rack/logger.rb:25:in `call'
actionpack (7.0.8) lib/action_dispatch/middleware/remote_ip.rb:93:in `call'
actionpack (7.0.8) lib/action_dispatch/middleware/request_id.rb:26:in `call'
rack (2.2.8) lib/rack/runtime.rb:22:in `call'
activesupport (7.0.8) lib/active_support/cache/strategy/local_cache_middleware.rb:29:in `call'
actionpack (7.0.8) lib/action_dispatch/middleware/server_timing.rb:61:in `block in call'
actionpack (7.0.8) lib/action_dispatch/middleware/server_timing.rb:26:in `collect_events'
actionpack (7.0.8) lib/action_dispatch/middleware/server_timing.rb:60:in `call'
actionpack (7.0.8) lib/action_dispatch/middleware/executor.rb:14:in `call'
actionpack (7.0.8) lib/action_dispatch/middleware/static.rb:23:in `call'
rack (2.2.8) lib/rack/sendfile.rb:110:in `call'
actionpack (7.0.8) lib/action_dispatch/middleware/host_authorization.rb:138:in `call'
railties (7.0.8) lib/rails/engine.rb:530:in `call'
puma (5.6.7) lib/puma/configuration.rb:252:in `call'
puma (5.6.7) lib/puma/request.rb:77:in `block in handle_request'
puma (5.6.7) lib/puma/thread_pool.rb:340:in `with_force_shutdown'
puma (5.6.7) lib/puma/request.rb:76:in `handle_request'
puma (5.6.7) lib/puma/server.rb:443:in `process_client'
puma (5.6.7) lib/puma/thread_pool.rb:147:in `block in spawn_thread'
Started POST "/events" for 127.0.0.1 at 2023-10-18 13:34:17 +0300
Processing by EventsController#create as */*
Completed 500 Internal Server Error in 4ms (ActiveRecord: 0.0ms | Allocations: 1361)


  
ArgumentError (Unknown validator: 'DateValidator'):
  
app/models/event.rb:11:in `<class:Event>'
app/models/event.rb:1:in `<top (required)>'
app/controllers/events_controller.rb:18:in `create'
Started POST "/tickets" for 127.0.0.1 at 2023-10-18 13:34:35 +0300
Processing by TicketsController#create as */*
Completed 500 Internal Server Error in 6ms (ActiveRecord: 0.0ms | Allocations: 1687)


  
NoMethodError (undefined method `authenticate_user' for #<TicketsController:0x00000000007cb0>):
  
activesupport (7.0.8) lib/active_support/callbacks.rb:400:in `block in make_lambda'
activesupport (7.0.8) lib/active_support/callbacks.rb:199:in `block (2 levels) in halting'
actionpack (7.0.8) lib/abstract_controller/callbacks.rb:34:in `block (2 levels) in <module:Callbacks>'
activesupport (7.0.8) lib/active_support/callbacks.rb:200:in `block in halting'
activesupport (7.0.8) lib/active_support/callbacks.rb:595:in `block in invoke_before'
activesupport (7.0.8) lib/active_support/callbacks.rb:595:in `each'
activesupport (7.0.8) lib/active_support/callbacks.rb:595:in `invoke_before'
activesupport (7.0.8) lib/active_support/callbacks.rb:106:in `run_callbacks'
actionpack (7.0.8) lib/abstract_controller/callbacks.rb:233:in `process_action'
actionpack (7.0.8) lib/action_controller/metal/rescue.rb:23:in `process_action'
actionpack (7.0.8) lib/action_controller/metal/instrumentation.rb:67:in `block in process_action'
activesupport (7.0.8) lib/active_support/notifications.rb:206:in `block in instrument'
activesupport (7.0.8) lib/active_support/notifications/instrumenter.rb:24:in `instrument'
activesupport (7.0.8) lib/active_support/notifications.rb:206:in `instrument'
actionpack (7.0.8) lib/action_controller/metal/instrumentation.rb:66:in `process_action'
actionpack (7.0.8) lib/action_controller/metal/params_wrapper.rb:259:in `process_action'
activerecord (7.0.8) lib/active_record/railties/controller_runtime.rb:27:in `process_action'
actionpack (7.0.8) lib/abstract_controller/base.rb:151:in `process'
actionpack (7.0.8) lib/action_controller/metal.rb:188:in `dispatch'
actionpack (7.0.8) lib/action_controller/metal.rb:251:in `dispatch'
actionpack (7.0.8) lib/action_dispatch/routing/route_set.rb:49:in `dispatch'
actionpack (7.0.8) lib/action_dispatch/routing/route_set.rb:32:in `serve'
actionpack (7.0.8) lib/action_dispatch/journey/router.rb:50:in `block in serve'
actionpack (7.0.8) lib/action_dispatch/journey/router.rb:32:in `each'
actionpack (7.0.8) lib/action_dispatch/journey/router.rb:32:in `serve'
actionpack (7.0.8) lib/action_dispatch/routing/route_set.rb:852:in `call'
rack (2.2.8) lib/rack/session/abstract/id.rb:266:in `context'
rack (2.2.8) lib/rack/session/abstract/id.rb:260:in `call'
actionpack (7.0.8) lib/action_dispatch/middleware/cookies.rb:704:in `call'
rack (2.2.8) lib/rack/etag.rb:27:in `call'
rack (2.2.8) lib/rack/conditional_get.rb:40:in `call'
rack (2.2.8) lib/rack/head.rb:12:in `call'
activerecord (7.0.8) lib/active_record/migration.rb:638:in `call'
actionpack (7.0.8) lib/action_dispatch/middleware/callbacks.rb:27:in `block in call'
activesupport (7.0.8) lib/active_support/callbacks.rb:99:in `run_callbacks'
actionpack (7.0.8) lib/action_dispatch/middleware/callbacks.rb:26:in `call'
actionpack (7.0.8) lib/action_dispatch/middleware/executor.rb:14:in `call'
actionpack (7.0.8) lib/action_dispatch/middleware/actionable_exceptions.rb:17:in `call'
actionpack (7.0.8) lib/action_dispatch/middleware/debug_exceptions.rb:28:in `call'
actionpack (7.0.8) lib/action_dispatch/middleware/show_exceptions.rb:29:in `call'
railties (7.0.8) lib/rails/rack/logger.rb:40:in `call_app'
railties (7.0.8) lib/rails/rack/logger.rb:25:in `block in call'
activesupport (7.0.8) lib/active_support/tagged_logging.rb:99:in `block in tagged'
activesupport (7.0.8) lib/active_support/tagged_logging.rb:37:in `tagged'
activesupport (7.0.8) lib/active_support/tagged_logging.rb:99:in `tagged'
railties (7.0.8) lib/rails/rack/logger.rb:25:in `call'
actionpack (7.0.8) lib/action_dispatch/middleware/remote_ip.rb:93:in `call'
actionpack (7.0.8) lib/action_dispatch/middleware/request_id.rb:26:in `call'
rack (2.2.8) lib/rack/runtime.rb:22:in `call'
activesupport (7.0.8) lib/active_support/cache/strategy/local_cache_middleware.rb:29:in `call'
actionpack (7.0.8) lib/action_dispatch/middleware/server_timing.rb:61:in `block in call'
actionpack (7.0.8) lib/action_dispatch/middleware/server_timing.rb:26:in `collect_events'
actionpack (7.0.8) lib/action_dispatch/middleware/server_timing.rb:60:in `call'
actionpack (7.0.8) lib/action_dispatch/middleware/executor.rb:14:in `call'
actionpack (7.0.8) lib/action_dispatch/middleware/static.rb:23:in `call'
rack (2.2.8) lib/rack/sendfile.rb:110:in `call'
actionpack (7.0.8) lib/action_dispatch/middleware/host_authorization.rb:138:in `call'
railties (7.0.8) lib/rails/engine.rb:530:in `call'
puma (5.6.7) lib/puma/configuration.rb:252:in `call'
puma (5.6.7) lib/puma/request.rb:77:in `block in handle_request'
puma (5.6.7) lib/puma/thread_pool.rb:340:in `with_force_shutdown'
puma (5.6.7) lib/puma/request.rb:76:in `handle_request'
puma (5.6.7) lib/puma/server.rb:443:in `process_client'
puma (5.6.7) lib/puma/thread_pool.rb:147:in `block in spawn_thread'
Started POST "/calendar_events" for 127.0.0.1 at 2023-10-18 13:34:56 +0300
Processing by CalendarEventsController#create as */*
Completed 500 Internal Server Error in 8ms (ActiveRecord: 0.0ms | Allocations: 1681)


  
NoMethodError (undefined method `authenticate_user' for #<CalendarEventsController:0x00000000007d78>):
  
activesupport (7.0.8) lib/active_support/callbacks.rb:400:in `block in make_lambda'
activesupport (7.0.8) lib/active_support/callbacks.rb:199:in `block (2 levels) in halting'
actionpack (7.0.8) lib/abstract_controller/callbacks.rb:34:in `block (2 levels) in <module:Callbacks>'
activesupport (7.0.8) lib/active_support/callbacks.rb:200:in `block in halting'
activesupport (7.0.8) lib/active_support/callbacks.rb:595:in `block in invoke_before'
activesupport (7.0.8) lib/active_support/callbacks.rb:595:in `each'
activesupport (7.0.8) lib/active_support/callbacks.rb:595:in `invoke_before'
activesupport (7.0.8) lib/active_support/callbacks.rb:106:in `run_callbacks'
actionpack (7.0.8) lib/abstract_controller/callbacks.rb:233:in `process_action'
actionpack (7.0.8) lib/action_controller/metal/rescue.rb:23:in `process_action'
actionpack (7.0.8) lib/action_controller/metal/instrumentation.rb:67:in `block in process_action'
activesupport (7.0.8) lib/active_support/notifications.rb:206:in `block in instrument'
activesupport (7.0.8) lib/active_support/notifications/instrumenter.rb:24:in `instrument'
activesupport (7.0.8) lib/active_support/notifications.rb:206:in `instrument'
actionpack (7.0.8) lib/action_controller/metal/instrumentation.rb:66:in `process_action'
actionpack (7.0.8) lib/action_controller/metal/params_wrapper.rb:259:in `process_action'
activerecord (7.0.8) lib/active_record/railties/controller_runtime.rb:27:in `process_action'
actionpack (7.0.8) lib/abstract_controller/base.rb:151:in `process'
actionpack (7.0.8) lib/action_controller/metal.rb:188:in `dispatch'
actionpack (7.0.8) lib/action_controller/metal.rb:251:in `dispatch'
actionpack (7.0.8) lib/action_dispatch/routing/route_set.rb:49:in `dispatch'
actionpack (7.0.8) lib/action_dispatch/routing/route_set.rb:32:in `serve'
actionpack (7.0.8) lib/action_dispatch/journey/router.rb:50:in `block in serve'
actionpack (7.0.8) lib/action_dispatch/journey/router.rb:32:in `each'
actionpack (7.0.8) lib/action_dispatch/journey/router.rb:32:in `serve'
actionpack (7.0.8) lib/action_dispatch/routing/route_set.rb:852:in `call'
rack (2.2.8) lib/rack/session/abstract/id.rb:266:in `context'
rack (2.2.8) lib/rack/session/abstract/id.rb:260:in `call'
actionpack (7.0.8) lib/action_dispatch/middleware/cookies.rb:704:in `call'
rack (2.2.8) lib/rack/etag.rb:27:in `call'
rack (2.2.8) lib/rack/conditional_get.rb:40:in `call'
rack (2.2.8) lib/rack/head.rb:12:in `call'
activerecord (7.0.8) lib/active_record/migration.rb:638:in `call'
actionpack (7.0.8) lib/action_dispatch/middleware/callbacks.rb:27:in `block in call'
activesupport (7.0.8) lib/active_support/callbacks.rb:99:in `run_callbacks'
actionpack (7.0.8) lib/action_dispatch/middleware/callbacks.rb:26:in `call'
actionpack (7.0.8) lib/action_dispatch/middleware/executor.rb:14:in `call'
actionpack (7.0.8) lib/action_dispatch/middleware/actionable_exceptions.rb:17:in `call'
actionpack (7.0.8) lib/action_dispatch/middleware/debug_exceptions.rb:28:in `call'
actionpack (7.0.8) lib/action_dispatch/middleware/show_exceptions.rb:29:in `call'
railties (7.0.8) lib/rails/rack/logger.rb:40:in `call_app'
railties (7.0.8) lib/rails/rack/logger.rb:25:in `block in call'
activesupport (7.0.8) lib/active_support/tagged_logging.rb:99:in `block in tagged'
activesupport (7.0.8) lib/active_support/tagged_logging.rb:37:in `tagged'
activesupport (7.0.8) lib/active_support/tagged_logging.rb:99:in `tagged'
railties (7.0.8) lib/rails/rack/logger.rb:25:in `call'
actionpack (7.0.8) lib/action_dispatch/middleware/remote_ip.rb:93:in `call'
actionpack (7.0.8) lib/action_dispatch/middleware/request_id.rb:26:in `call'
rack (2.2.8) lib/rack/runtime.rb:22:in `call'
activesupport (7.0.8) lib/active_support/cache/strategy/local_cache_middleware.rb:29:in `call'
actionpack (7.0.8) lib/action_dispatch/middleware/server_timing.rb:61:in `block in call'
actionpack (7.0.8) lib/action_dispatch/middleware/server_timing.rb:26:in `collect_events'
actionpack (7.0.8) lib/action_dispatch/middleware/server_timing.rb:60:in `call'
actionpack (7.0.8) lib/action_dispatch/middleware/executor.rb:14:in `call'
actionpack (7.0.8) lib/action_dispatch/middleware/static.rb:23:in `call'
rack (2.2.8) lib/rack/sendfile.rb:110:in `call'
actionpack (7.0.8) lib/action_dispatch/middleware/host_authorization.rb:138:in `call'
railties (7.0.8) lib/rails/engine.rb:530:in `call'
puma (5.6.7) lib/puma/configuration.rb:252:in `call'
puma (5.6.7) lib/puma/request.rb:77:in `block in handle_request'
puma (5.6.7) lib/puma/thread_pool.rb:340:in `with_force_shutdown'
puma (5.6.7) lib/puma/request.rb:76:in `handle_request'
puma (5.6.7) lib/puma/server.rb:443:in `process_client'
puma (5.6.7) lib/puma/thread_pool.rb:147:in `block in spawn_thread'
Started POST "/payments" for 127.0.0.1 at 2023-10-18 13:35:17 +0300
Processing by PaymentsController#create as */*
Completed 400 Bad Request in 3ms (ActiveRecord: 0.0ms | Allocations: 746)


  
ActionController::ParameterMissing (param is missing or the value is empty: payment):
  
app/controllers/payments_controller.rb:50:in `payment_params'
app/controllers/payments_controller.rb:19:in `create'
Started POST "/payments" for 127.0.0.1 at 2023-10-18 13:36:48 +0300
Processing by PaymentsController#create as */*
Completed 400 Bad Request in 0ms (ActiveRecord: 0.0ms | Allocations: 133)


  
ActionController::ParameterMissing (param is missing or the value is empty: payment):
  
app/controllers/payments_controller.rb:50:in `payment_params'
app/controllers/payments_controller.rb:19:in `create'
  [1m[36mActiveRecord::SchemaMigration Pluck (0.1ms)[0m  [1m[34mSELECT "schema_migrations"."version" FROM "schema_migrations" ORDER BY "schema_migrations"."version" ASC[0m
  [1m[36mCustomer Load (0.2ms)[0m  [1m[34mSELECT "customers".* FROM "customers"[0m
  [1m[36mTRANSACTION (0.1ms)[0m  [1m[36mbegin transaction[0m
  [1m[36mCustomer Destroy (0.5ms)[0m  [1m[31mDELETE FROM "customers" WHERE "customers"."id" = ?[0m  [["id", 1]]
  [1m[36mTRANSACTION (3.3ms)[0m  [1m[36mcommit transaction[0m
  [1m[36mTRANSACTION (0.1ms)[0m  [1m[36mbegin transaction[0m
  [1m[36mCustomer Destroy (0.2ms)[0m  [1m[31mDELETE FROM "customers" WHERE "customers"."id" = ?[0m  [["id", 2]]
  [1m[36mTRANSACTION (3.4ms)[0m  [1m[36mcommit transaction[0m
  [1m[36mTRANSACTION (0.1ms)[0m  [1m[36mbegin transaction[0m
  [1m[36mCustomer Destroy (0.3ms)[0m  [1m[31mDELETE FROM "customers" WHERE "customers"."id" = ?[0m  [["id", 3]]
  [1m[36mTRANSACTION (10.2ms)[0m  [1m[36mcommit transaction[0m
  [1m[36mTRANSACTION (0.1ms)[0m  [1m[36mbegin transaction[0m
  [1m[36mCustomer Destroy (0.2ms)[0m  [1m[31mDELETE FROM "customers" WHERE "customers"."id" = ?[0m  [["id", 4]]
  [1m[36mTRANSACTION (10.2ms)[0m  [1m[36mcommit transaction[0m
  [1m[36mTRANSACTION (0.0ms)[0m  [1m[36mbegin transaction[0m
  [1m[36mCustomer Destroy (0.2ms)[0m  [1m[31mDELETE FROM "customers" WHERE "customers"."id" = ?[0m  [["id", 5]]
  [1m[36mTRANSACTION (10.2ms)[0m  [1m[36mcommit transaction[0m
  [1m[36mTRANSACTION (0.0ms)[0m  [1m[36mbegin transaction[0m
  [1m[36mCustomer Destroy (0.4ms)[0m  [1m[31mDELETE FROM "customers" WHERE "customers"."id" = ?[0m  [["id", 6]]
  [1m[36mTRANSACTION (10.2ms)[0m  [1m[36mcommit transaction[0m
  [1m[36mOrganiser Load (0.3ms)[0m  [1m[34mSELECT "organisers".* FROM "organisers"[0m
  [1m[36mTRANSACTION (0.1ms)[0m  [1m[36mbegin transaction[0m
  [1m[36mOrganiser Destroy (0.5ms)[0m  [1m[31mDELETE FROM "organisers" WHERE "organisers"."id" = ?[0m  [["id", 1]]
  [1m[36mTRANSACTION (8.7ms)[0m  [1m[36mcommit transaction[0m
  [1m[36mTRANSACTION (0.0ms)[0m  [1m[36mbegin transaction[0m
  [1m[36mOrganiser Destroy (0.2ms)[0m  [1m[31mDELETE FROM "organisers" WHERE "organisers"."id" = ?[0m  [["id", 2]]
  [1m[36mTRANSACTION (3.6ms)[0m  [1m[36mcommit transaction[0m
  [1m[36mTRANSACTION (0.1ms)[0m  [1m[36mbegin transaction[0m
  [1m[36mOrganiser Destroy (0.2ms)[0m  [1m[31mDELETE FROM "organisers" WHERE "organisers"."id" = ?[0m  [["id", 3]]
  [1m[36mTRANSACTION (3.6ms)[0m  [1m[36mcommit transaction[0m
  [1m[36mTRANSACTION (0.1ms)[0m  [1m[36mbegin transaction[0m
  [1m[36mOrganiser Destroy (0.2ms)[0m  [1m[31mDELETE FROM "organisers" WHERE "organisers"."id" = ?[0m  [["id", 4]]
  [1m[36mTRANSACTION (3.1ms)[0m  [1m[36mcommit transaction[0m
  [1m[36mActiveRecord::SchemaMigration Pluck (0.1ms)[0m  [1m[34mSELECT "schema_migrations"."version" FROM "schema_migrations" ORDER BY "schema_migrations"."version" ASC[0m
  [1m[36mCustomer Load (0.1ms)[0m  [1m[34mSELECT "customers".* FROM "customers"[0m
  [1m[36mOrganiser Load (0.1ms)[0m  [1m[34mSELECT "organisers".* FROM "organisers"[0m
  [1m[36mActiveRecord::SchemaMigration Pluck (0.1ms)[0m  [1m[34mSELECT "schema_migrations"."version" FROM "schema_migrations" ORDER BY "schema_migrations"."version" ASC[0m
  [1m[36mCustomer Load (0.1ms)[0m  [1m[34mSELECT "customers".* FROM "customers"[0m
  [1m[36mOrganiser Load (0.1ms)[0m  [1m[34mSELECT "organisers".* FROM "organisers"[0m
  [1m[36mActiveRecord::SchemaMigration Pluck (0.1ms)[0m  [1m[34mSELECT "schema_migrations"."version" FROM "schema_migrations" ORDER BY "schema_migrations"."version" ASC[0m
  [1m[36mCustomer Load (0.1ms)[0m  [1m[34mSELECT "customers".* FROM "customers"[0m
  [1m[36mOrganiser Load (0.2ms)[0m  [1m[34mSELECT "organisers".* FROM "organisers"[0m
  [1m[36mEvent Load (2.9ms)[0m  [1m[34mSELECT "events".* FROM "events"[0m
  [1m[36mTicket Load (0.5ms)[0m  [1m[34mSELECT "tickets".* FROM "tickets"[0m
  [1m[36mCalendarEvent Load (0.4ms)[0m  [1m[34mSELECT "calendar_events".* FROM "calendar_events"[0m
  [1m[36mPayment Load (0.6ms)[0m  [1m[34mSELECT "payments".* FROM "payments"[0m
  [1m[36mTRANSACTION (0.1ms)[0m  [1m[36mbegin transaction[0m
  [1m[36mCustomer Exists? (0.2ms)[0m  [1m[34mSELECT 1 AS one FROM "customers" WHERE "customers"."email" = ? LIMIT ?[0m  [["email", "john@example.com"], ["LIMIT", 1]]
  [1m[36mTRANSACTION (0.0ms)[0m  [1m[31mrollback transaction[0m
  [1m[36mTRANSACTION (0.1ms)[0m  [1m[36mbegin transaction[0m
  [1m[36mCustomer Exists? (0.3ms)[0m  [1m[34mSELECT 1 AS one FROM "customers" WHERE "customers"."email" = ? LIMIT ?[0m  [["email", "alice@example.com"], ["LIMIT", 1]]
  [1m[36mTRANSACTION (0.1ms)[0m  [1m[31mrollback transaction[0m
  [1m[36mTRANSACTION (0.1ms)[0m  [1m[36mbegin transaction[0m
  [1m[36mOrganiser Exists? (0.1ms)[0m  [1m[34mSELECT 1 AS one FROM "organisers" WHERE "organisers"."email" = ? LIMIT ?[0m  [["email", "jane@example.com"], ["LIMIT", 1]]
  [1m[36mTRANSACTION (0.0ms)[0m  [1m[31mrollback transaction[0m
  [1m[36mTRANSACTION (0.1ms)[0m  [1m[36mbegin transaction[0m
  [1m[36mOrganiser Exists? (0.1ms)[0m  [1m[34mSELECT 1 AS one FROM "organisers" WHERE "organisers"."email" = ? LIMIT ?[0m  [["email", "bob@example.com"], ["LIMIT", 1]]
  [1m[36mTRANSACTION (0.0ms)[0m  [1m[31mrollback transaction[0m
  [1m[36mTRANSACTION (0.1ms)[0m  [1m[36mbegin transaction[0m
  [1m[36mOrganiser Exists? (0.1ms)[0m  [1m[34mSELECT 1 AS one FROM "organisers" WHERE "organisers"."email" = ? LIMIT ?[0m  [["email", "jane@example.com"], ["LIMIT", 1]]
  [1m[36mEvent Create (0.5ms)[0m  [1m[32mINSERT INTO "events" ("title", "description", "category", "image_url", "date", "start_time", "end_time", "venue_name", "event_location", "available_tickets_count", "organiser_id", "created_at", "updated_at") VALUES (?, ?, ?, ?, ?, ?, ?, ?, ?, ?, ?, ?, ?)[0m  [["title", "Sample Event 1"], ["description", nil], ["category", nil], ["image_url", nil], ["date", "2023-10-28"], ["start_time", "2000-01-01 10:00:00"], ["end_time", "2000-01-01 12:00:00"], ["venue_name", nil], ["event_location", nil], ["available_tickets_count", nil], ["organiser_id", nil], ["created_at", "2023-10-18 11:18:59.229802"], ["updated_at", "2023-10-18 11:18:59.229802"]]
  [1m[36mTRANSACTION (0.1ms)[0m  [1m[31mrollback transaction[0m
  [1m[36mActiveRecord::SchemaMigration Pluck (0.1ms)[0m  [1m[34mSELECT "schema_migrations"."version" FROM "schema_migrations" ORDER BY "schema_migrations"."version" ASC[0m
  [1m[36mCustomer Load (0.1ms)[0m  [1m[34mSELECT "customers".* FROM "customers"[0m
  [1m[36mOrganiser Load (0.1ms)[0m  [1m[34mSELECT "organisers".* FROM "organisers"[0m
  [1m[36mEvent Load (0.2ms)[0m  [1m[34mSELECT "events".* FROM "events"[0m
  [1m[36mTicket Load (0.2ms)[0m  [1m[34mSELECT "tickets".* FROM "tickets"[0m
  [1m[36mCalendarEvent Load (0.1ms)[0m  [1m[34mSELECT "calendar_events".* FROM "calendar_events"[0m
  [1m[36mPayment Load (0.1ms)[0m  [1m[34mSELECT "payments".* FROM "payments"[0m
  [1m[36mTRANSACTION (0.1ms)[0m  [1m[36mbegin transaction[0m
  [1m[36mCustomer Exists? (0.1ms)[0m  [1m[34mSELECT 1 AS one FROM "customers" WHERE "customers"."email" = ? LIMIT ?[0m  [["email", "john@example.com"], ["LIMIT", 1]]
  [1m[36mTRANSACTION (0.0ms)[0m  [1m[31mrollback transaction[0m
  [1m[36mTRANSACTION (0.1ms)[0m  [1m[36mbegin transaction[0m
  [1m[36mCustomer Exists? (0.1ms)[0m  [1m[34mSELECT 1 AS one FROM "customers" WHERE "customers"."email" = ? LIMIT ?[0m  [["email", "alice@example.com"], ["LIMIT", 1]]
  [1m[36mTRANSACTION (0.0ms)[0m  [1m[31mrollback transaction[0m
  [1m[36mTRANSACTION (0.1ms)[0m  [1m[36mbegin transaction[0m
  [1m[36mOrganiser Exists? (0.1ms)[0m  [1m[34mSELECT 1 AS one FROM "organisers" WHERE "organisers"."email" = ? LIMIT ?[0m  [["email", "john@example.com"], ["LIMIT", 1]]
  [1m[36mTRANSACTION (0.1ms)[0m  [1m[31mrollback transaction[0m
  [1m[36mActiveRecord::SchemaMigration Pluck (0.1ms)[0m  [1m[34mSELECT "schema_migrations"."version" FROM "schema_migrations" ORDER BY "schema_migrations"."version" ASC[0m
  [1m[36mCustomer Load (0.1ms)[0m  [1m[34mSELECT "customers".* FROM "customers"[0m
  [1m[36mOrganiser Load (0.1ms)[0m  [1m[34mSELECT "organisers".* FROM "organisers"[0m
  [1m[36mEvent Load (0.5ms)[0m  [1m[34mSELECT "events".* FROM "events"[0m
  [1m[36mTicket Load (0.2ms)[0m  [1m[34mSELECT "tickets".* FROM "tickets"[0m
  [1m[36mCalendarEvent Load (0.1ms)[0m  [1m[34mSELECT "calendar_events".* FROM "calendar_events"[0m
  [1m[36mPayment Load (0.1ms)[0m  [1m[34mSELECT "payments".* FROM "payments"[0m
  [1m[36mTRANSACTION (0.1ms)[0m  [1m[36mbegin transaction[0m
  [1m[36mCustomer Exists? (0.2ms)[0m  [1m[34mSELECT 1 AS one FROM "customers" WHERE "customers"."email" = ? LIMIT ?[0m  [["email", "john@example.com"], ["LIMIT", 1]]
  [1m[36mTRANSACTION (0.0ms)[0m  [1m[31mrollback transaction[0m
  [1m[36mTRANSACTION (0.1ms)[0m  [1m[36mbegin transaction[0m
  [1m[36mCustomer Exists? (0.1ms)[0m  [1m[34mSELECT 1 AS one FROM "customers" WHERE "customers"."email" = ? LIMIT ?[0m  [["email", "alice@example.com"], ["LIMIT", 1]]
  [1m[36mTRANSACTION (0.1ms)[0m  [1m[31mrollback transaction[0m
  [1m[36mTRANSACTION (0.1ms)[0m  [1m[36mbegin transaction[0m
  [1m[36mOrganiser Exists? (0.1ms)[0m  [1m[34mSELECT 1 AS one FROM "organisers" WHERE "organisers"."email" = ? LIMIT ?[0m  [["email", "john@example.com"], ["LIMIT", 1]]
  [1m[36mTRANSACTION (0.1ms)[0m  [1m[31mrollback transaction[0m
  [1m[36mActiveRecord::SchemaMigration Pluck (0.1ms)[0m  [1m[34mSELECT "schema_migrations"."version" FROM "schema_migrations" ORDER BY "schema_migrations"."version" ASC[0m
  [1m[36mCustomer Load (0.1ms)[0m  [1m[34mSELECT "customers".* FROM "customers"[0m
  [1m[36mOrganiser Load (0.1ms)[0m  [1m[34mSELECT "organisers".* FROM "organisers"[0m
  [1m[36mEvent Load (0.4ms)[0m  [1m[34mSELECT "events".* FROM "events"[0m
  [1m[36mTicket Load (0.2ms)[0m  [1m[34mSELECT "tickets".* FROM "tickets"[0m
  [1m[36mCalendarEvent Load (0.1ms)[0m  [1m[34mSELECT "calendar_events".* FROM "calendar_events"[0m
  [1m[36mPayment Load (0.1ms)[0m  [1m[34mSELECT "payments".* FROM "payments"[0m
  [1m[36mTRANSACTION (0.1ms)[0m  [1m[36mbegin transaction[0m
  [1m[36mCustomer Exists? (0.1ms)[0m  [1m[34mSELECT 1 AS one FROM "customers" WHERE "customers"."email" = ? LIMIT ?[0m  [["email", "john@example.com"], ["LIMIT", 1]]
  [1m[36mTRANSACTION (0.1ms)[0m  [1m[31mrollback transaction[0m
  [1m[36mTRANSACTION (0.1ms)[0m  [1m[36mbegin transaction[0m
  [1m[36mCustomer Exists? (0.2ms)[0m  [1m[34mSELECT 1 AS one FROM "customers" WHERE "customers"."email" = ? LIMIT ?[0m  [["email", "alice@example.com"], ["LIMIT", 1]]
  [1m[36mTRANSACTION (0.0ms)[0m  [1m[31mrollback transaction[0m
  [1m[36mTRANSACTION (0.1ms)[0m  [1m[36mbegin transaction[0m
  [1m[36mOrganiser Exists? (0.1ms)[0m  [1m[34mSELECT 1 AS one FROM "organisers" WHERE "organisers"."email" = ? LIMIT ?[0m  [["email", "john@example.com"], ["LIMIT", 1]]
  [1m[36mTRANSACTION (0.1ms)[0m  [1m[31mrollback transaction[0m
  [1m[36mActiveRecord::SchemaMigration Pluck (0.1ms)[0m  [1m[34mSELECT "schema_migrations"."version" FROM "schema_migrations" ORDER BY "schema_migrations"."version" ASC[0m
  [1m[36mCustomer Load (0.1ms)[0m  [1m[34mSELECT "customers".* FROM "customers"[0m
  [1m[36mOrganiser Load (0.1ms)[0m  [1m[34mSELECT "organisers".* FROM "organisers"[0m
  [1m[36mEvent Load (0.3ms)[0m  [1m[34mSELECT "events".* FROM "events"[0m
  [1m[36mTicket Load (0.2ms)[0m  [1m[34mSELECT "tickets".* FROM "tickets"[0m
  [1m[36mCalendarEvent Load (0.1ms)[0m  [1m[34mSELECT "calendar_events".* FROM "calendar_events"[0m
  [1m[36mPayment Load (0.1ms)[0m  [1m[34mSELECT "payments".* FROM "payments"[0m
  [1m[36mTRANSACTION (0.1ms)[0m  [1m[36mbegin transaction[0m
  [1m[36mCustomer Exists? (0.1ms)[0m  [1m[34mSELECT 1 AS one FROM "customers" WHERE "customers"."email" = ? LIMIT ?[0m  [["email", "john@example.com"], ["LIMIT", 1]]
  [1m[36mTRANSACTION (0.0ms)[0m  [1m[31mrollback transaction[0m
  [1m[36mTRANSACTION (0.1ms)[0m  [1m[36mbegin transaction[0m
  [1m[36mCustomer Exists? (0.1ms)[0m  [1m[34mSELECT 1 AS one FROM "customers" WHERE "customers"."email" = ? LIMIT ?[0m  [["email", "alice@example.com"], ["LIMIT", 1]]
  [1m[36mTRANSACTION (0.0ms)[0m  [1m[31mrollback transaction[0m
  [1m[36mTRANSACTION (0.1ms)[0m  [1m[36mbegin transaction[0m
  [1m[36mOrganiser Exists? (0.1ms)[0m  [1m[34mSELECT 1 AS one FROM "organisers" WHERE "organisers"."email" = ? LIMIT ?[0m  [["email", "john@example.com"], ["LIMIT", 1]]
  [1m[36mTRANSACTION (0.1ms)[0m  [1m[31mrollback transaction[0m
  [1m[36mActiveRecord::SchemaMigration Pluck (0.1ms)[0m  [1m[34mSELECT "schema_migrations"."version" FROM "schema_migrations" ORDER BY "schema_migrations"."version" ASC[0m
  [1m[36mCustomer Load (0.1ms)[0m  [1m[34mSELECT "customers".* FROM "customers"[0m
  [1m[36mOrganiser Load (0.1ms)[0m  [1m[34mSELECT "organisers".* FROM "organisers"[0m
  [1m[36mEvent Load (0.2ms)[0m  [1m[34mSELECT "events".* FROM "events"[0m
  [1m[36mTicket Load (0.2ms)[0m  [1m[34mSELECT "tickets".* FROM "tickets"[0m
  [1m[36mCalendarEvent Load (0.1ms)[0m  [1m[34mSELECT "calendar_events".* FROM "calendar_events"[0m
  [1m[36mPayment Load (0.1ms)[0m  [1m[34mSELECT "payments".* FROM "payments"[0m
  [1m[36mTRANSACTION (0.1ms)[0m  [1m[36mbegin transaction[0m
  [1m[36mCustomer Exists? (0.1ms)[0m  [1m[34mSELECT 1 AS one FROM "customers" WHERE "customers"."email" = ? LIMIT ?[0m  [["email", "john@example.com"], ["LIMIT", 1]]
  [1m[36mCustomer Create (3.6ms)[0m  [1m[32mINSERT INTO "customers" ("first_name", "last_name", "email", "password_digest", "phone_number", "age", "created_at", "updated_at") VALUES (?, ?, ?, ?, ?, ?, ?, ?)[0m  [["first_name", "John"], ["last_name", "Doe"], ["email", "john@example.com"], ["password_digest", "[FILTERED]"], ["phone_number", 1234567890], ["age", 30], ["created_at", "2023-10-18 11:32:42.637551"], ["updated_at", "2023-10-18 11:32:42.637551"]]
  [1m[36mTRANSACTION (11.2ms)[0m  [1m[36mcommit transaction[0m
  [1m[36mTRANSACTION (0.1ms)[0m  [1m[36mbegin transaction[0m
  [1m[36mCustomer Exists? (0.2ms)[0m  [1m[34mSELECT 1 AS one FROM "customers" WHERE "customers"."email" = ? LIMIT ?[0m  [["email", "alice@example.com"], ["LIMIT", 1]]
  [1m[36mCustomer Create (0.2ms)[0m  [1m[32mINSERT INTO "customers" ("first_name", "last_name", "email", "password_digest", "phone_number", "age", "created_at", "updated_at") VALUES (?, ?, ?, ?, ?, ?, ?, ?)[0m  [["first_name", "Alice"], ["last_name", "Smith"], ["email", "alice@example.com"], ["password_digest", "[FILTERED]"], ["phone_number", 9876543210], ["age", 25], ["created_at", "2023-10-18 11:32:42.929884"], ["updated_at", "2023-10-18 11:32:42.929884"]]
  [1m[36mTRANSACTION (6.1ms)[0m  [1m[36mcommit transaction[0m
  [1m[36mTRANSACTION (0.1ms)[0m  [1m[36mbegin transaction[0m
  [1m[36mOrganiser Exists? (0.1ms)[0m  [1m[34mSELECT 1 AS one FROM "organisers" WHERE "organisers"."email" = ? LIMIT ?[0m  [["email", "john@example.com"], ["LIMIT", 1]]
  [1m[36mOrganiser Create (0.2ms)[0m  [1m[32mINSERT INTO "organisers" ("first_name", "last_name", "email", "password_digest", "phone_number", "age", "created_at", "updated_at") VALUES (?, ?, ?, ?, ?, ?, ?, ?)[0m  [["first_name", "John"], ["last_name", "Doe"], ["email", "john@example.com"], ["password_digest", "[FILTERED]"], ["phone_number", 1234567890], ["age", 30], ["created_at", "2023-10-18 11:32:43.215308"], ["updated_at", "2023-10-18 11:32:43.215308"]]
  [1m[36mTRANSACTION (6.0ms)[0m  [1m[36mcommit transaction[0m
  [1m[36mTRANSACTION (0.1ms)[0m  [1m[36mbegin transaction[0m
  [1m[36mEvent Create (0.5ms)[0m  [1m[32mINSERT INTO "events" ("title", "description", "category", "image_url", "date", "start_time", "end_time", "venue_name", "event_location", "available_tickets_count", "organiser_id", "created_at", "updated_at") VALUES (?, ?, ?, ?, ?, ?, ?, ?, ?, ?, ?, ?, ?)[0m  [["title", "Event 1"], ["description", nil], ["category", nil], ["image_url", nil], ["date", "2023-10-19"], ["start_time", "2000-01-01 11:32:43.223446"], ["end_time", "2000-01-01 13:32:43.223470"], ["venue_name", nil], ["event_location", nil], ["available_tickets_count", nil], ["organiser_id", 5], ["created_at", "2023-10-18 11:32:43.233954"], ["updated_at", "2023-10-18 11:32:43.233954"]]
  [1m[36mTRANSACTION (3.6ms)[0m  [1m[36mcommit transaction[0m
  [1m[36mActiveRecord::SchemaMigration Pluck (0.1ms)[0m  [1m[34mSELECT "schema_migrations"."version" FROM "schema_migrations" ORDER BY "schema_migrations"."version" ASC[0m
  [1m[36mCustomer Load (0.1ms)[0m  [1m[34mSELECT "customers".* FROM "customers"[0m
  [1m[36mTRANSACTION (0.1ms)[0m  [1m[36mbegin transaction[0m
  [1m[36mCustomer Destroy (0.4ms)[0m  [1m[31mDELETE FROM "customers" WHERE "customers"."id" = ?[0m  [["id", 7]]
  [1m[36mTRANSACTION (10.5ms)[0m  [1m[36mcommit transaction[0m
  [1m[36mTRANSACTION (0.0ms)[0m  [1m[36mbegin transaction[0m
  [1m[36mCustomer Destroy (0.2ms)[0m  [1m[31mDELETE FROM "customers" WHERE "customers"."id" = ?[0m  [["id", 8]]
  [1m[36mTRANSACTION (10.5ms)[0m  [1m[36mcommit transaction[0m
  [1m[36mOrganiser Load (0.2ms)[0m  [1m[34mSELECT "organisers".* FROM "organisers"[0m
  [1m[36mTRANSACTION (0.0ms)[0m  [1m[36mbegin transaction[0m
  [1m[36mOrganiser Destroy (0.6ms)[0m  [1m[31mDELETE FROM "organisers" WHERE "organisers"."id" = ?[0m  [["id", 5]]
  [1m[36mTRANSACTION (0.1ms)[0m  [1m[31mrollback transaction[0m
  [1m[36mActiveRecord::SchemaMigration Pluck (0.1ms)[0m  [1m[34mSELECT "schema_migrations"."version" FROM "schema_migrations" ORDER BY "schema_migrations"."version" ASC[0m
  [1m[36mCustomer Load (0.1ms)[0m  [1m[34mSELECT "customers".* FROM "customers"[0m
  [1m[36mOrganiser Load (0.1ms)[0m  [1m[34mSELECT "organisers".* FROM "organisers"[0m
  [1m[36mTRANSACTION (0.1ms)[0m  [1m[36mbegin transaction[0m
  [1m[36mOrganiser Destroy (0.4ms)[0m  [1m[31mDELETE FROM "organisers" WHERE "organisers"."id" = ?[0m  [["id", 5]]
  [1m[36mTRANSACTION (0.1ms)[0m  [1m[31mrollback transaction[0m
  [1m[36mActiveRecord::SchemaMigration Pluck (0.1ms)[0m  [1m[34mSELECT "schema_migrations"."version" FROM "schema_migrations" ORDER BY "schema_migrations"."version" ASC[0m
  [1m[36mCustomer Load (0.1ms)[0m  [1m[34mSELECT "customers".* FROM "customers"[0m
  [1m[36mOrganiser Load (0.2ms)[0m  [1m[34mSELECT "organisers".* FROM "organisers"[0m
  [1m[36mTRANSACTION (0.1ms)[0m  [1m[36mbegin transaction[0m
  [1m[36mOrganiser Destroy (37.1ms)[0m  [1m[31mDELETE FROM "organisers" WHERE "organisers"."id" = ?[0m  [["id", 5]]
  [1m[36mTRANSACTION (0.2ms)[0m  [1m[31mrollback transaction[0m
  [1m[36mActiveRecord::SchemaMigration Pluck (0.1ms)[0m  [1m[34mSELECT "schema_migrations"."version" FROM "schema_migrations" ORDER BY "schema_migrations"."version" ASC[0m
  [1m[36mCustomer Load (0.1ms)[0m  [1m[34mSELECT "customers".* FROM "customers"[0m
  [1m[36mOrganiser Load (0.2ms)[0m  [1m[34mSELECT "organisers".* FROM "organisers"[0m
  [1m[36mTRANSACTION (0.0ms)[0m  [1m[36mbegin transaction[0m
  [1m[36mOrganiser Destroy (0.4ms)[0m  [1m[31mDELETE FROM "organisers" WHERE "organisers"."id" = ?[0m  [["id", 5]]
  [1m[36mTRANSACTION (0.1ms)[0m  [1m[31mrollback transaction[0m
  [1m[35m (1.8ms)[0m  [1m[34mSELECT pg_try_advisory_lock(1915914960884021055)[0m
  [1m[36mActiveRecord::SchemaMigration Pluck (3.3ms)[0m  [1m[34mSELECT "schema_migrations"."version" FROM "schema_migrations" ORDER BY "schema_migrations"."version" ASC[0m
Migrating to ChangeCategoryTypeInEvents (20231021140507)
  [1m[36mTRANSACTION (0.2ms)[0m  [1m[35mBEGIN[0m
  [1m[35m (48.1ms)[0m  [1m[35mALTER TABLE "events" ALTER COLUMN "category" TYPE character varying[0m
  [1m[36mActiveRecord::SchemaMigration Create (1.9ms)[0m  [1m[32mINSERT INTO "schema_migrations" ("version") VALUES ($1) RETURNING "version"[0m  [["version", "20231021140507"]]
  [1m[36mTRANSACTION (50.6ms)[0m  [1m[35mCOMMIT[0m
Migrating to AddQuantityToTickets (20231021140635)
  [1m[36mTRANSACTION (0.5ms)[0m  [1m[35mBEGIN[0m
  [1m[35m (1.3ms)[0m  [1m[35mALTER TABLE "tickets" ADD "quantity" integer[0m
  [1m[36mActiveRecord::SchemaMigration Create (0.5ms)[0m  [1m[32mINSERT INTO "schema_migrations" ("version") VALUES ($1) RETURNING "version"[0m  [["version", "20231021140635"]]
  [1m[36mTRANSACTION (3.0ms)[0m  [1m[35mCOMMIT[0m
Migrating to ChangePriceToIntegerInTickets (20231021140740)
  [1m[36mTRANSACTION (0.6ms)[0m  [1m[35mBEGIN[0m
  [1m[35m (35.1ms)[0m  [1m[35mALTER TABLE "tickets" ALTER COLUMN "price" TYPE integer[0m
  [1m[36mActiveRecord::SchemaMigration Create (0.4ms)[0m  [1m[32mINSERT INTO "schema_migrations" ("version") VALUES ($1) RETURNING "version"[0m  [["version", "20231021140740"]]
  [1m[36mTRANSACTION (4.3ms)[0m  [1m[35mCOMMIT[0m
Migrating to AddPriceToEvents (20231021140950)
  [1m[36mTRANSACTION (0.3ms)[0m  [1m[35mBEGIN[0m
  [1m[35m (1.1ms)[0m  [1m[35mALTER TABLE "events" ADD "price" integer[0m
  [1m[36mActiveRecord::SchemaMigration Create (0.6ms)[0m  [1m[32mINSERT INTO "schema_migrations" ("version") VALUES ($1) RETURNING "version"[0m  [["version", "20231021140950"]]
  [1m[36mTRANSACTION (4.5ms)[0m  [1m[35mCOMMIT[0m
Migrating to RemovePriceFromTickets (20231021141118)
  [1m[36mTRANSACTION (0.3ms)[0m  [1m[35mBEGIN[0m
  [1m[35m (0.7ms)[0m  [1m[35mALTER TABLE "tickets" DROP COLUMN "price"[0m
  [1m[36mActiveRecord::SchemaMigration Create (0.7ms)[0m  [1m[32mINSERT INTO "schema_migrations" ("version") VALUES ($1) RETURNING "version"[0m  [["version", "20231021141118"]]
  [1m[36mTRANSACTION (3.2ms)[0m  [1m[35mCOMMIT[0m
Migrating to RemovePurchaseDateFromTickets (20231021141224)
  [1m[36mTRANSACTION (0.6ms)[0m  [1m[35mBEGIN[0m
  [1m[35m (0.9ms)[0m  [1m[35mALTER TABLE "tickets" DROP COLUMN "purchase_date"[0m
  [1m[36mActiveRecord::SchemaMigration Create (0.8ms)[0m  [1m[32mINSERT INTO "schema_migrations" ("version") VALUES ($1) RETURNING "version"[0m  [["version", "20231021141224"]]
  [1m[36mTRANSACTION (3.6ms)[0m  [1m[35mCOMMIT[0m
Migrating to CreateNewCustomers (20231022154050)
  [1m[36mTRANSACTION (0.4ms)[0m  [1m[35mBEGIN[0m
  [1m[35m (19.4ms)[0m  [1m[35mCREATE TABLE "new_customers" ("id" bigserial primary key, "name" character varying, "email" character varying, "phone_number" character varying, "created_at" timestamp(6) NOT NULL, "updated_at" timestamp(6) NOT NULL)[0m
  [1m[36mActiveRecord::SchemaMigration Create (0.6ms)[0m  [1m[32mINSERT INTO "schema_migrations" ("version") VALUES ($1) RETURNING "version"[0m  [["version", "20231022154050"]]
  [1m[36mTRANSACTION (3.6ms)[0m  [1m[35mCOMMIT[0m
Migrating to CreateNewPayments (20231022154051)
  [1m[36mTRANSACTION (0.5ms)[0m  [1m[35mBEGIN[0m
  [1m[35m (17.8ms)[0m  [1m[35mCREATE TABLE "new_payments" ("id" bigserial primary key, "ticket_id" bigint, "amount" integer, "transaction_id" character varying, "status" character varying, "created_at" timestamp(6) NOT NULL, "updated_at" timestamp(6) NOT NULL, CONSTRAINT "fk_rails_26ecaf2149"
FOREIGN KEY ("ticket_id")
  REFERENCES "tickets" ("id")
)[0m
  [1m[35m (3.5ms)[0m  [1m[35mCREATE INDEX "index_new_payments_on_ticket_id" ON "new_payments" ("ticket_id")[0m
  [1m[36mActiveRecord::SchemaMigration Create (0.9ms)[0m  [1m[32mINSERT INTO "schema_migrations" ("version") VALUES ($1) RETURNING "version"[0m  [["version", "20231022154051"]]
  [1m[36mTRANSACTION (4.6ms)[0m  [1m[35mCOMMIT[0m
Migrating to CreateBookings (20231022154247)
  [1m[36mTRANSACTION (1.0ms)[0m  [1m[35mBEGIN[0m
  [1m[35m (35.1ms)[0m  [1m[35mCREATE TABLE "bookings" ("id" bigserial primary key, "customer_id" bigint, "date" date, "status" character varying, "created_at" timestamp(6) NOT NULL, "updated_at" timestamp(6) NOT NULL, CONSTRAINT "fk_rails_dafb5f2e40"
FOREIGN KEY ("customer_id")
  REFERENCES "customers" ("id")
)[0m
  [1m[35m (13.3ms)[0m  [1m[35mCREATE INDEX "index_bookings_on_customer_id" ON "bookings" ("customer_id")[0m
  [1m[36mActiveRecord::SchemaMigration Create (1.4ms)[0m  [1m[32mINSERT INTO "schema_migrations" ("version") VALUES ($1) RETURNING "version"[0m  [["version", "20231022154247"]]
  [1m[36mTRANSACTION (2.2ms)[0m  [1m[35mCOMMIT[0m
Migrating to CreateMpesas (20231025051605)
  [1m[36mTRANSACTION (1.1ms)[0m  [1m[35mBEGIN[0m
  [1m[35m (9.3ms)[0m  [1m[35mCREATE TABLE "mpesas" ("id" bigserial primary key, "phoneNumber" character varying, "amount" character varying, "checkoutRequestID" character varying, "merchantRequestID" character varying, "mpesaReceiptNumber" character varying, "created_at" timestamp(6) NOT NULL, "updated_at" timestamp(6) NOT NULL)[0m
  [1m[36mActiveRecord::SchemaMigration Create (0.9ms)[0m  [1m[32mINSERT INTO "schema_migrations" ("version") VALUES ($1) RETURNING "version"[0m  [["version", "20231025051605"]]
  [1m[36mTRANSACTION (5.3ms)[0m  [1m[35mCOMMIT[0m
Migrating to CreateAccessTokens (20231025051646)
  [1m[36mTRANSACTION (0.8ms)[0m  [1m[35mBEGIN[0m
  [1m[35m (13.4ms)[0m  [1m[35mCREATE TABLE "access_tokens" ("id" bigserial primary key, "token" character varying, "created_at" timestamp(6) NOT NULL, "updated_at" timestamp(6) NOT NULL)[0m
  [1m[36mActiveRecord::SchemaMigration Create (0.8ms)[0m  [1m[32mINSERT INTO "schema_migrations" ("version") VALUES ($1) RETURNING "version"[0m  [["version", "20231025051646"]]
  [1m[36mTRANSACTION (2.7ms)[0m  [1m[35mCOMMIT[0m
  [1m[36mActiveRecord::InternalMetadata Load (1.6ms)[0m  [1m[34mSELECT "ar_internal_metadata".* FROM "ar_internal_metadata" WHERE "ar_internal_metadata"."key" = $1 LIMIT $2[0m  [["key", "environment"], ["LIMIT", 1]]
  [1m[35m (0.9ms)[0m  [1m[34mSELECT pg_advisory_unlock(1915914960884021055)[0m
  [1m[36mActiveRecord::SchemaMigration Pluck (1.5ms)[0m  [1m[34mSELECT "schema_migrations"."version" FROM "schema_migrations" ORDER BY "schema_migrations"."version" ASC[0m
[ActionDispatch::HostAuthorization::DefaultResponseApp] Blocked hosts: ff4c-102-219-210-70.ngrok-free.app
[ActionDispatch::HostAuthorization::DefaultResponseApp] Blocked hosts: ff4c-102-219-210-70.ngrok-free.app
[ActionDispatch::HostAuthorization::DefaultResponseApp] Blocked hosts: ff4c-102-219-210-70.ngrok-free.app
[ActionDispatch::HostAuthorization::DefaultResponseApp] Blocked hosts: ff4c-102-219-210-70.ngrok-free.app
[ActionDispatch::HostAuthorization::DefaultResponseApp] Blocked hosts: ff4c-102-219-210-70.ngrok-free.app
[ActionDispatch::HostAuthorization::DefaultResponseApp] Blocked hosts: ff4c-102-219-210-70.ngrok-free.app
Started GET "/" for 102.219.210.70 at 2023-10-25 08:51:14 +0300
  [1m[36mActiveRecord::SchemaMigration Pluck (2.9ms)[0m  [1m[34mSELECT "schema_migrations"."version" FROM "schema_migrations" ORDER BY "schema_migrations"."version" ASC[0m
Processing by Rails::WelcomeController#index as HTML
  Rendering /home/ken/.rbenv/versions/2.7.4/lib/ruby/gems/2.7.0/gems/railties-7.0.8/lib/rails/templates/rails/welcome/index.html.erb
  Rendered /home/ken/.rbenv/versions/2.7.4/lib/ruby/gems/2.7.0/gems/railties-7.0.8/lib/rails/templates/rails/welcome/index.html.erb (Duration: 2.4ms | Allocations: 408)
Completed 200 OK in 34ms (Views: 8.4ms | ActiveRecord: 0.0ms | Allocations: 3963)


Started POST "/stkpush" for 127.0.0.1 at 2023-10-25 09:03:48 +0300
  [1m[36mActiveRecord::SchemaMigration Pluck (6.0ms)[0m  [1m[34mSELECT "schema_migrations"."version" FROM "schema_migrations" ORDER BY "schema_migrations"."version" ASC[0m
Processing by MpesasController#stkpush as */*
  Parameters: {"phoneNumber"=>"254715017250", "amount"=>"1", "mpesa"=>{"phoneNumber"=>"254715017250", "amount"=>"1"}}
Completed 500 Internal Server Error in 1215ms (ActiveRecord: 9.6ms | Allocations: 6091)


  
RestClient::BadRequest (400 Bad Request):
  
app/controllers/mpesas_controller.rb:60:in `generate_access_token_request'
app/controllers/mpesas_controller.rb:67:in `get_access_token'
app/controllers/mpesas_controller.rb:27:in `stkpush'
Started POST "/stkpush" for 102.219.210.70 at 2023-10-25 09:07:44 +0300
Processing by MpesasController#stkpush as */*
  Parameters: {"phoneNumber"=>"254715017250", "amount"=>"1", "mpesa"=>{"phoneNumber"=>"254715017250", "amount"=>"1"}}
Completed 500 Internal Server Error in 935ms (ActiveRecord: 38.3ms | Allocations: 3251)


  
RestClient::BadRequest (400 Bad Request):
  
app/controllers/mpesas_controller.rb:60:in `generate_access_token_request'
app/controllers/mpesas_controller.rb:67:in `get_access_token'
app/controllers/mpesas_controller.rb:27:in `stkpush'
Started GET "/" for 102.219.210.70 at 2023-10-25 09:44:48 +0300
  [1m[36mActiveRecord::SchemaMigration Pluck (3.6ms)[0m  [1m[34mSELECT "schema_migrations"."version" FROM "schema_migrations" ORDER BY "schema_migrations"."version" ASC[0m
Processing by Rails::WelcomeController#index as HTML
  Rendering /home/ken/.rbenv/versions/2.7.4/lib/ruby/gems/2.7.0/gems/railties-7.0.8/lib/rails/templates/rails/welcome/index.html.erb
  Rendered /home/ken/.rbenv/versions/2.7.4/lib/ruby/gems/2.7.0/gems/railties-7.0.8/lib/rails/templates/rails/welcome/index.html.erb (Duration: 5.9ms | Allocations: 408)
Completed 200 OK in 33ms (Views: 15.6ms | ActiveRecord: 0.0ms | Allocations: 3963)


Started POST "//stkpush" for 102.219.210.70 at 2023-10-25 09:45:26 +0300
  [1m[36mActiveRecord::SchemaMigration Pluck (0.9ms)[0m  [1m[34mSELECT "schema_migrations"."version" FROM "schema_migrations" ORDER BY "schema_migrations"."version" ASC[0m
Processing by MpesasController#stkpush as */*
  Parameters: {"phoneNumber"=>"254715017250", "amount"=>"1", "mpesa"=>{"phoneNumber"=>"254715017250", "amount"=>"1"}}
  [1m[36mAccessToken Load (3.3ms)[0m  [1m[34mSELECT "access_tokens".* FROM "access_tokens"[0m
  ↳ app/controllers/mpesas_controller.rb:114:in `get_access_token'
  [1m[36mTRANSACTION (0.3ms)[0m  [1m[35mBEGIN[0m
  ↳ app/controllers/mpesas_controller.rb:115:in `get_access_token'
  [1m[36mAccessToken Create (13.6ms)[0m  [1m[32mINSERT INTO "access_tokens" ("token", "created_at", "updated_at") VALUES ($1, $2, $3) RETURNING "id"[0m  [["token", "[FILTERED]"], ["created_at", "2023-10-25 06:45:28.153451"], ["updated_at", "2023-10-25 06:45:28.153451"]]
  ↳ app/controllers/mpesas_controller.rb:115:in `get_access_token'
  [1m[36mTRANSACTION (3.6ms)[0m  [1m[35mCOMMIT[0m
  ↳ app/controllers/mpesas_controller.rb:115:in `get_access_token'
No serializer found for resource: :success
[active_model_serializers] Rendered ActiveModel::Serializer::CollectionSerializer with Array (0.22ms)
Completed 200 OK in 2229ms (Views: 4.4ms | ActiveRecord: 100.2ms | Allocations: 14354)


Started POST "/stkpush" for 102.219.210.70 at 2023-10-25 09:45:45 +0300
  [1m[36mActiveRecord::SchemaMigration Pluck (1.9ms)[0m  [1m[34mSELECT "schema_migrations"."version" FROM "schema_migrations" ORDER BY "schema_migrations"."version" ASC[0m
Processing by MpesasController#stkpush as */*
  Parameters: {"phoneNumber"=>"254715017250", "amount"=>"1", "mpesa"=>{"phoneNumber"=>"254715017250", "amount"=>"1"}}
  [1m[36mAccessToken Load (2.3ms)[0m  [1m[34mSELECT "access_tokens".* FROM "access_tokens"[0m
  ↳ app/controllers/mpesas_controller.rb:114:in `get_access_token'
  [1m[36mTRANSACTION (0.3ms)[0m  [1m[35mBEGIN[0m
  ↳ app/controllers/mpesas_controller.rb:114:in `get_access_token'
  [1m[36mAccessToken Destroy (0.6ms)[0m  [1m[31mDELETE FROM "access_tokens" WHERE "access_tokens"."id" = $1[0m  [["id", 1]]
  ↳ app/controllers/mpesas_controller.rb:114:in `get_access_token'
  [1m[36mTRANSACTION (4.3ms)[0m  [1m[35mCOMMIT[0m
  ↳ app/controllers/mpesas_controller.rb:114:in `get_access_token'
  [1m[36mTRANSACTION (0.5ms)[0m  [1m[35mBEGIN[0m
  ↳ app/controllers/mpesas_controller.rb:115:in `get_access_token'
  [1m[36mAccessToken Create (0.6ms)[0m  [1m[32mINSERT INTO "access_tokens" ("token", "created_at", "updated_at") VALUES ($1, $2, $3) RETURNING "id"[0m  [["token", "[FILTERED]"], ["created_at", "2023-10-25 06:45:46.946582"], ["updated_at", "2023-10-25 06:45:46.946582"]]
  ↳ app/controllers/mpesas_controller.rb:115:in `get_access_token'
  [1m[36mTRANSACTION (2.9ms)[0m  [1m[35mCOMMIT[0m
  ↳ app/controllers/mpesas_controller.rb:115:in `get_access_token'
No serializer found for resource: :error
[active_model_serializers] Rendered ActiveModel::Serializer::CollectionSerializer with Array (0.53ms)
Completed 200 OK in 1640ms (Views: 5.7ms | ActiveRecord: 25.0ms | Allocations: 16075)


Started POST "/stkpush" for 102.219.210.70 at 2023-10-25 09:46:18 +0300
Processing by MpesasController#stkpush as */*
  Parameters: {"phoneNumber"=>"254715017250", "amount"=>"1", "mpesa"=>{"phoneNumber"=>"254715017250", "amount"=>"1"}}
  [1m[36mAccessToken Load (0.4ms)[0m  [1m[34mSELECT "access_tokens".* FROM "access_tokens"[0m
  ↳ app/controllers/mpesas_controller.rb:114:in `get_access_token'
  [1m[36mTRANSACTION (0.2ms)[0m  [1m[35mBEGIN[0m
  ↳ app/controllers/mpesas_controller.rb:114:in `get_access_token'
  [1m[36mAccessToken Destroy (0.5ms)[0m  [1m[31mDELETE FROM "access_tokens" WHERE "access_tokens"."id" = $1[0m  [["id", 2]]
  ↳ app/controllers/mpesas_controller.rb:114:in `get_access_token'
  [1m[36mTRANSACTION (3.1ms)[0m  [1m[35mCOMMIT[0m
  ↳ app/controllers/mpesas_controller.rb:114:in `get_access_token'
  [1m[36mTRANSACTION (0.2ms)[0m  [1m[35mBEGIN[0m
  ↳ app/controllers/mpesas_controller.rb:115:in `get_access_token'
  [1m[36mAccessToken Create (0.5ms)[0m  [1m[32mINSERT INTO "access_tokens" ("token", "created_at", "updated_at") VALUES ($1, $2, $3) RETURNING "id"[0m  [["token", "[FILTERED]"], ["created_at", "2023-10-25 06:46:19.459491"], ["updated_at", "2023-10-25 06:46:19.459491"]]
  ↳ app/controllers/mpesas_controller.rb:115:in `get_access_token'
  [1m[36mTRANSACTION (2.8ms)[0m  [1m[35mCOMMIT[0m
  ↳ app/controllers/mpesas_controller.rb:115:in `get_access_token'
No serializer found for resource: :success
[active_model_serializers] Rendered ActiveModel::Serializer::CollectionSerializer with Array (0.38ms)
Completed 200 OK in 1810ms (Views: 2.3ms | ActiveRecord: 7.7ms | Allocations: 7502)


Started POST "/stkpush" for 102.219.210.70 at 2023-10-25 09:47:20 +0300
Processing by MpesasController#stkpush as */*
  Parameters: {"phoneNumber"=>"254715017250", "amount"=>"1", "mpesa"=>{"phoneNumber"=>"254715017250", "amount"=>"1"}}
  [1m[36mAccessToken Load (1.3ms)[0m  [1m[34mSELECT "access_tokens".* FROM "access_tokens"[0m
  ↳ app/controllers/mpesas_controller.rb:114:in `get_access_token'
  [1m[36mTRANSACTION (0.2ms)[0m  [1m[35mBEGIN[0m
  ↳ app/controllers/mpesas_controller.rb:114:in `get_access_token'
  [1m[36mAccessToken Destroy (0.7ms)[0m  [1m[31mDELETE FROM "access_tokens" WHERE "access_tokens"."id" = $1[0m  [["id", 3]]
  ↳ app/controllers/mpesas_controller.rb:114:in `get_access_token'
  [1m[36mTRANSACTION (1.1ms)[0m  [1m[35mCOMMIT[0m
  ↳ app/controllers/mpesas_controller.rb:114:in `get_access_token'
  [1m[36mTRANSACTION (0.3ms)[0m  [1m[35mBEGIN[0m
  ↳ app/controllers/mpesas_controller.rb:115:in `get_access_token'
  [1m[36mAccessToken Create (1.5ms)[0m  [1m[32mINSERT INTO "access_tokens" ("token", "created_at", "updated_at") VALUES ($1, $2, $3) RETURNING "id"[0m  [["token", "[FILTERED]"], ["created_at", "2023-10-25 06:47:21.609562"], ["updated_at", "2023-10-25 06:47:21.609562"]]
  ↳ app/controllers/mpesas_controller.rb:115:in `get_access_token'
  [1m[36mTRANSACTION (1.5ms)[0m  [1m[35mCOMMIT[0m
  ↳ app/controllers/mpesas_controller.rb:115:in `get_access_token'
No serializer found for resource: :success
[active_model_serializers] Rendered ActiveModel::Serializer::CollectionSerializer with Array (0.22ms)
Completed 200 OK in 1963ms (Views: 3.8ms | ActiveRecord: 21.7ms | Allocations: 13317)


Started POST "/stkquery" for 102.219.210.70 at 2023-10-25 09:48:54 +0300
Processing by MpesasController#stkquery as */*
  Parameters: {"phoneNumber"=>"254715017250", "amount"=>"1", "mpesa"=>{"phoneNumber"=>"254715017250", "amount"=>"1"}}
  [1m[36mAccessToken Load (0.7ms)[0m  [1m[34mSELECT "access_tokens".* FROM "access_tokens"[0m
  ↳ app/controllers/mpesas_controller.rb:114:in `get_access_token'
  [1m[36mTRANSACTION (0.3ms)[0m  [1m[35mBEGIN[0m
  ↳ app/controllers/mpesas_controller.rb:114:in `get_access_token'
  [1m[36mAccessToken Destroy (1.6ms)[0m  [1m[31mDELETE FROM "access_tokens" WHERE "access_tokens"."id" = $1[0m  [["id", 4]]
  ↳ app/controllers/mpesas_controller.rb:114:in `get_access_token'
  [1m[36mTRANSACTION (3.0ms)[0m  [1m[35mCOMMIT[0m
  ↳ app/controllers/mpesas_controller.rb:114:in `get_access_token'
  [1m[36mTRANSACTION (0.2ms)[0m  [1m[35mBEGIN[0m
  ↳ app/controllers/mpesas_controller.rb:115:in `get_access_token'
  [1m[36mAccessToken Create (0.9ms)[0m  [1m[32mINSERT INTO "access_tokens" ("token", "created_at", "updated_at") VALUES ($1, $2, $3) RETURNING "id"[0m  [["token", "[FILTERED]"], ["created_at", "2023-10-25 06:48:55.347106"], ["updated_at", "2023-10-25 06:48:55.347106"]]
  ↳ app/controllers/mpesas_controller.rb:115:in `get_access_token'
  [1m[36mTRANSACTION (3.9ms)[0m  [1m[35mCOMMIT[0m
  ↳ app/controllers/mpesas_controller.rb:115:in `get_access_token'
No serializer found for resource: :error
[active_model_serializers] Rendered ActiveModel::Serializer::CollectionSerializer with Array (0.51ms)
Completed 200 OK in 1664ms (Views: 2.4ms | ActiveRecord: 10.7ms | Allocations: 7442)


Started POST "/stkquery" for 102.219.210.70 at 2023-10-25 09:50:14 +0300
Processing by MpesasController#stkquery as */*
  Parameters: {"checkoutRequestID"=>"ws_CO_25102023095013471715017250", "mpesa"=>{"checkoutRequestID"=>"ws_CO_25102023095013471715017250"}}
  [1m[36mAccessToken Load (0.5ms)[0m  [1m[34mSELECT "access_tokens".* FROM "access_tokens"[0m
  ↳ app/controllers/mpesas_controller.rb:114:in `get_access_token'
  [1m[36mTRANSACTION (0.4ms)[0m  [1m[35mBEGIN[0m
  ↳ app/controllers/mpesas_controller.rb:114:in `get_access_token'
  [1m[36mAccessToken Destroy (0.4ms)[0m  [1m[31mDELETE FROM "access_tokens" WHERE "access_tokens"."id" = $1[0m  [["id", 5]]
  ↳ app/controllers/mpesas_controller.rb:114:in `get_access_token'
  [1m[36mTRANSACTION (1.1ms)[0m  [1m[35mCOMMIT[0m
  ↳ app/controllers/mpesas_controller.rb:114:in `get_access_token'
  [1m[36mTRANSACTION (0.8ms)[0m  [1m[35mBEGIN[0m
  ↳ app/controllers/mpesas_controller.rb:115:in `get_access_token'
  [1m[36mAccessToken Create (3.3ms)[0m  [1m[32mINSERT INTO "access_tokens" ("token", "created_at", "updated_at") VALUES ($1, $2, $3) RETURNING "id"[0m  [["token", "[FILTERED]"], ["created_at", "2023-10-25 06:50:15.590370"], ["updated_at", "2023-10-25 06:50:15.590370"]]
  ↳ app/controllers/mpesas_controller.rb:115:in `get_access_token'
  [1m[36mTRANSACTION (1.1ms)[0m  [1m[35mCOMMIT[0m
  ↳ app/controllers/mpesas_controller.rb:115:in `get_access_token'
No serializer found for resource: :success
[active_model_serializers] Rendered ActiveModel::Serializer::CollectionSerializer with Array (0.53ms)
Completed 200 OK in 1911ms (Views: 4.8ms | ActiveRecord: 7.6ms | Allocations: 7438)


  [1m[35m (0.5ms)[0m  [1m[34mSELECT pg_try_advisory_lock(1915914960884021055)[0m
  [1m[36mActiveRecord::SchemaMigration Pluck (2.2ms)[0m  [1m[34mSELECT "schema_migrations"."version" FROM "schema_migrations" ORDER BY "schema_migrations"."version" ASC[0m
  [1m[36mActiveRecord::InternalMetadata Load (0.7ms)[0m  [1m[34mSELECT "ar_internal_metadata".* FROM "ar_internal_metadata" WHERE "ar_internal_metadata"."key" = $1 LIMIT $2[0m  [["key", "environment"], ["LIMIT", 1]]
  [1m[35m (0.3ms)[0m  [1m[34mSELECT pg_advisory_unlock(1915914960884021055)[0m
  [1m[36mActiveRecord::SchemaMigration Pluck (0.5ms)[0m  [1m[34mSELECT "schema_migrations"."version" FROM "schema_migrations" ORDER BY "schema_migrations"."version" ASC[0m
  [1m[35m (1.5ms)[0m  [1m[35mCREATE DATABASE "TicketWiz_development" ENCODING = 'unicode'[0m
  [1m[35m (0.4ms)[0m  [1m[35mCREATE DATABASE "TicketWiz_test" ENCODING = 'unicode'[0m
  [1m[35m (0.6ms)[0m  [1m[34mSELECT pg_try_advisory_lock(1915914960884021055)[0m
  [1m[36mActiveRecord::SchemaMigration Pluck (12.9ms)[0m  [1m[34mSELECT "schema_migrations"."version" FROM "schema_migrations" ORDER BY "schema_migrations"."version" ASC[0m
Migrating to ChangeCategoryTypeInEvents (20231021140507)
  [1m[36mTRANSACTION (0.5ms)[0m  [1m[35mBEGIN[0m
  [1m[35m (424.8ms)[0m  [1m[35mALTER TABLE "events" ALTER COLUMN "category" TYPE character varying[0m
  [1m[36mActiveRecord::SchemaMigration Create (0.4ms)[0m  [1m[32mINSERT INTO "schema_migrations" ("version") VALUES ($1) RETURNING "version"[0m  [["version", "20231021140507"]]
  [1m[36mTRANSACTION (13.6ms)[0m  [1m[35mCOMMIT[0m
Migrating to AddQuantityToTickets (20231021140635)
  [1m[36mTRANSACTION (0.2ms)[0m  [1m[35mBEGIN[0m
  [1m[35m (0.6ms)[0m  [1m[35mALTER TABLE "tickets" ADD "quantity" integer[0m
  [1m[36mActiveRecord::SchemaMigration Create (0.2ms)[0m  [1m[32mINSERT INTO "schema_migrations" ("version") VALUES ($1) RETURNING "version"[0m  [["version", "20231021140635"]]
  [1m[36mTRANSACTION (12.3ms)[0m  [1m[35mCOMMIT[0m
Migrating to ChangePriceToIntegerInTickets (20231021140740)
  [1m[36mTRANSACTION (0.2ms)[0m  [1m[35mBEGIN[0m
  [1m[35m (139.9ms)[0m  [1m[35mALTER TABLE "tickets" ALTER COLUMN "price" TYPE integer[0m
  [1m[36mActiveRecord::SchemaMigration Create (0.7ms)[0m  [1m[32mINSERT INTO "schema_migrations" ("version") VALUES ($1) RETURNING "version"[0m  [["version", "20231021140740"]]
  [1m[36mTRANSACTION (21.0ms)[0m  [1m[35mCOMMIT[0m
Migrating to AddPriceToEvents (20231021140950)
  [1m[36mTRANSACTION (0.5ms)[0m  [1m[35mBEGIN[0m
  [1m[35m (0.9ms)[0m  [1m[35mALTER TABLE "events" ADD "price" integer[0m
  [1m[36mActiveRecord::SchemaMigration Create (0.7ms)[0m  [1m[32mINSERT INTO "schema_migrations" ("version") VALUES ($1) RETURNING "version"[0m  [["version", "20231021140950"]]
  [1m[36mTRANSACTION (14.7ms)[0m  [1m[35mCOMMIT[0m
Migrating to RemovePriceFromTickets (20231021141118)
  [1m[36mTRANSACTION (0.3ms)[0m  [1m[35mBEGIN[0m
  [1m[35m (0.6ms)[0m  [1m[35mALTER TABLE "tickets" DROP COLUMN "price"[0m
  [1m[36mActiveRecord::SchemaMigration Create (0.4ms)[0m  [1m[32mINSERT INTO "schema_migrations" ("version") VALUES ($1) RETURNING "version"[0m  [["version", "20231021141118"]]
  [1m[36mTRANSACTION (19.1ms)[0m  [1m[35mCOMMIT[0m
Migrating to RemovePurchaseDateFromTickets (20231021141224)
  [1m[36mTRANSACTION (0.4ms)[0m  [1m[35mBEGIN[0m
  [1m[35m (0.6ms)[0m  [1m[35mALTER TABLE "tickets" DROP COLUMN "purchase_date"[0m
  [1m[36mActiveRecord::SchemaMigration Create (0.3ms)[0m  [1m[32mINSERT INTO "schema_migrations" ("version") VALUES ($1) RETURNING "version"[0m  [["version", "20231021141224"]]
  [1m[36mTRANSACTION (20.0ms)[0m  [1m[35mCOMMIT[0m
Migrating to CreateNewCustomers (20231022154050)
  [1m[36mTRANSACTION (0.2ms)[0m  [1m[35mBEGIN[0m
  [1m[35m (67.3ms)[0m  [1m[35mCREATE TABLE "new_customers" ("id" bigserial primary key, "name" character varying, "email" character varying, "phone_number" character varying, "created_at" timestamp(6) NOT NULL, "updated_at" timestamp(6) NOT NULL)[0m
  [1m[36mActiveRecord::SchemaMigration Create (0.7ms)[0m  [1m[32mINSERT INTO "schema_migrations" ("version") VALUES ($1) RETURNING "version"[0m  [["version", "20231022154050"]]
  [1m[36mTRANSACTION (21.3ms)[0m  [1m[35mCOMMIT[0m
Migrating to CreateNewPayments (20231022154051)
  [1m[36mTRANSACTION (0.5ms)[0m  [1m[35mBEGIN[0m
  [1m[35m (170.4ms)[0m  [1m[35mCREATE TABLE "new_payments" ("id" bigserial primary key, "ticket_id" bigint, "amount" integer, "transaction_id" character varying, "status" character varying, "created_at" timestamp(6) NOT NULL, "updated_at" timestamp(6) NOT NULL, CONSTRAINT "fk_rails_26ecaf2149"
FOREIGN KEY ("ticket_id")
  REFERENCES "tickets" ("id")
)[0m
  [1m[35m (49.7ms)[0m  [1m[35mCREATE INDEX "index_new_payments_on_ticket_id" ON "new_payments" ("ticket_id")[0m
  [1m[36mActiveRecord::SchemaMigration Create (0.7ms)[0m  [1m[32mINSERT INTO "schema_migrations" ("version") VALUES ($1) RETURNING "version"[0m  [["version", "20231022154051"]]
  [1m[36mTRANSACTION (21.3ms)[0m  [1m[35mCOMMIT[0m
Migrating to CreateBookings (20231022154247)
  [1m[36mTRANSACTION (0.5ms)[0m  [1m[35mBEGIN[0m
  [1m[35m (118.9ms)[0m  [1m[35mCREATE TABLE "bookings" ("id" bigserial primary key, "customer_id" bigint, "date" date, "status" character varying, "created_at" timestamp(6) NOT NULL, "updated_at" timestamp(6) NOT NULL, CONSTRAINT "fk_rails_dafb5f2e40"
FOREIGN KEY ("customer_id")
  REFERENCES "customers" ("id")
)[0m
  [1m[35m (42.9ms)[0m  [1m[35mCREATE INDEX "index_bookings_on_customer_id" ON "bookings" ("customer_id")[0m
  [1m[36mActiveRecord::SchemaMigration Create (0.8ms)[0m  [1m[32mINSERT INTO "schema_migrations" ("version") VALUES ($1) RETURNING "version"[0m  [["version", "20231022154247"]]
  [1m[36mTRANSACTION (20.8ms)[0m  [1m[35mCOMMIT[0m
Migrating to CreateMpesas (20231025051605)
  [1m[36mTRANSACTION (0.5ms)[0m  [1m[35mBEGIN[0m
  [1m[35m (1428.5ms)[0m  [1m[35mCREATE TABLE "mpesas" ("id" bigserial primary key, "phoneNumber" character varying, "amount" character varying, "checkoutRequestID" character varying, "merchantRequestID" character varying, "mpesaReceiptNumber" character varying, "created_at" timestamp(6) NOT NULL, "updated_at" timestamp(6) NOT NULL)[0m
  [1m[36mActiveRecord::SchemaMigration Create (0.9ms)[0m  [1m[32mINSERT INTO "schema_migrations" ("version") VALUES ($1) RETURNING "version"[0m  [["version", "20231025051605"]]
  [1m[36mTRANSACTION (39.7ms)[0m  [1m[35mCOMMIT[0m
Migrating to CreateAccessTokens (20231025051646)
  [1m[36mTRANSACTION (0.5ms)[0m  [1m[35mBEGIN[0m
  [1m[35m (98.0ms)[0m  [1m[35mCREATE TABLE "access_tokens" ("id" bigserial primary key, "token" character varying, "created_at" timestamp(6) NOT NULL, "updated_at" timestamp(6) NOT NULL)[0m
  [1m[36mActiveRecord::SchemaMigration Create (0.8ms)[0m  [1m[32mINSERT INTO "schema_migrations" ("version") VALUES ($1) RETURNING "version"[0m  [["version", "20231025051646"]]
  [1m[36mTRANSACTION (28.1ms)[0m  [1m[35mCOMMIT[0m
  [1m[36mActiveRecord::InternalMetadata Load (29.0ms)[0m  [1m[34mSELECT "ar_internal_metadata".* FROM "ar_internal_metadata" WHERE "ar_internal_metadata"."key" = $1 LIMIT $2[0m  [["key", "environment"], ["LIMIT", 1]]
  [1m[35m (0.9ms)[0m  [1m[34mSELECT pg_advisory_unlock(1915914960884021055)[0m
  [1m[36mActiveRecord::SchemaMigration Pluck (1.5ms)[0m  [1m[34mSELECT "schema_migrations"."version" FROM "schema_migrations" ORDER BY "schema_migrations"."version" ASC[0m
